<?xml version="1.0" encoding="UTF-8"?>
<!-- Generated by org.testng.reporters.JUnitXMLReporter -->
<testsuite hostname="DESKTOP-T00D909" ignored="0" name="Command line test" tests="9" failures="1" timestamp="14 Dec 2020 04:08:56 GMT" time="1232.216" errors="0">
  <testcase name="@BeforeMethod setUp" time="604.848" classname="com.illinoislottery.testcases.HomePageTest">
    <failure type="org.openqa.selenium.SessionNotCreatedException" message="session not created
from timeout: Timed out receiving message from renderer: 600.000
  (Session info: chrome=87.0.4280.88)
Build info: version: &amp;apos;3.141.59&amp;apos;, revision: &amp;apos;e82be7d358&amp;apos;, time: &amp;apos;2018-11-14T08:17:03&amp;apos;
System info: host: &amp;apos;DESKTOP-T00D909&amp;apos;, ip: &amp;apos;192.168.106.1&amp;apos;, os.name: &amp;apos;Windows 10&amp;apos;, os.arch: &amp;apos;amd64&amp;apos;, os.version: &amp;apos;10.0&amp;apos;, java.version: &amp;apos;1.8.0_121&amp;apos;
Driver info: driver.version: ChromeDriver
remote stacktrace: Backtrace:
	Ordinal0 [0x0127C0C3+3326147]
	Ordinal0 [0x01160851+2164817]
	Ordinal0 [0x00FE7298+619160]
	Ordinal0 [0x00FDB17F+569727]
	Ordinal0 [0x00FDA421+566305]
	Ordinal0 [0x00FDA815+567317]
	Ordinal0 [0x00FDA135+565557]
	Ordinal0 [0x00FE38B1+604337]
	Ordinal0 [0x00FDA0F1+565489]
	Ordinal0 [0x00FDAEA2+568994]
	Ordinal0 [0x00FDA421+566305]
	Ordinal0 [0x00FDA815+567317]
	Ordinal0 [0x00FDA135+565557]
	Ordinal0 [0x00FE1D2C+597292]
	Ordinal0 [0x00FDA0F1+565489]
	Ordinal0 [0x00FDAEA2+568994]
	Ordinal0 [0x00FDA421+566305]
	Ordinal0 [0x00FDA815+567317]
	Ordinal0 [0x00FDA135+565557]
	Ordinal0 [0x00FDFE62+589410]
	Ordinal0 [0x00FDA0F1+565489]
	Ordinal0 [0x00FDAEA2+568994]
	Ordinal0 [0x00FDA421+566305]
	Ordinal0 [0x00FDA815+567317]
	Ordinal0 [0x00FDA135+565557]
	Ordinal0 [0x00FDF075+585845]
	Ordinal0 [0x00FDA0F1+565489]
	Ordinal0 [0x00FDAEA2+568994]
	Ordinal0 [0x00FDA421+566305]
	Ordinal0 [0x00FDA815+567317]
	Ordinal0 [0x00FDA135+565557]
	Ordinal0 [0x00FD6776+550774]
	Ordinal0 [0x00FDA0F1+565489]
	Ordinal0 [0x00FD9F13+565011]
	Ordinal0 [0x00FD9D07+564487]
	Ordinal0 [0x00FE82C0+623296]
	Ordinal0 [0x00F86BDD+224221]
	Ordinal0 [0x00F85CAC+220332]
	Ordinal0 [0x00F8189B+202907]
	Ordinal0 [0x00F63DF4+81396]
	Ordinal0 [0x00F64DEE+85486]
	Ordinal0 [0x00F64D79+85369]
	Ordinal0 [0x011785DC+2262492]
	GetHandleVerifier [0x01402874+1487204]
	GetHandleVerifier [0x014023CD+1486013]
	GetHandleVerifier [0x0140A368+1518680]
	GetHandleVerifier [0x01402F4E+1488958]
	Ordinal0 [0x0116ED0D+2223373]
	Ordinal0 [0x0117A12B+2269483]
	Ordinal0 [0x0117A26F+2269807]
	Ordinal0 [0x0118ECB8+2354360]
	BaseThreadInitThunk [0x77296359+25]
	RtlGetAppContainerNamedObjectPath [0x773F8944+228]
	RtlGetAppContainerNamedObjectPath [0x773F8914+180]
">
      <![CDATA[org.openqa.selenium.SessionNotCreatedException: session not created
from timeout: Timed out receiving message from renderer: 600.000
  (Session info: chrome=87.0.4280.88)
Build info: version: '3.141.59', revision: 'e82be7d358', time: '2018-11-14T08:17:03'
System info: host: 'DESKTOP-T00D909', ip: '192.168.106.1', os.name: 'Windows 10', os.arch: 'amd64', os.version: '10.0', java.version: '1.8.0_121'
Driver info: driver.version: ChromeDriver
remote stacktrace: Backtrace:
	Ordinal0 [0x0127C0C3+3326147]
	Ordinal0 [0x01160851+2164817]
	Ordinal0 [0x00FE7298+619160]
	Ordinal0 [0x00FDB17F+569727]
	Ordinal0 [0x00FDA421+566305]
	Ordinal0 [0x00FDA815+567317]
	Ordinal0 [0x00FDA135+565557]
	Ordinal0 [0x00FE38B1+604337]
	Ordinal0 [0x00FDA0F1+565489]
	Ordinal0 [0x00FDAEA2+568994]
	Ordinal0 [0x00FDA421+566305]
	Ordinal0 [0x00FDA815+567317]
	Ordinal0 [0x00FDA135+565557]
	Ordinal0 [0x00FE1D2C+597292]
	Ordinal0 [0x00FDA0F1+565489]
	Ordinal0 [0x00FDAEA2+568994]
	Ordinal0 [0x00FDA421+566305]
	Ordinal0 [0x00FDA815+567317]
	Ordinal0 [0x00FDA135+565557]
	Ordinal0 [0x00FDFE62+589410]
	Ordinal0 [0x00FDA0F1+565489]
	Ordinal0 [0x00FDAEA2+568994]
	Ordinal0 [0x00FDA421+566305]
	Ordinal0 [0x00FDA815+567317]
	Ordinal0 [0x00FDA135+565557]
	Ordinal0 [0x00FDF075+585845]
	Ordinal0 [0x00FDA0F1+565489]
	Ordinal0 [0x00FDAEA2+568994]
	Ordinal0 [0x00FDA421+566305]
	Ordinal0 [0x00FDA815+567317]
	Ordinal0 [0x00FDA135+565557]
	Ordinal0 [0x00FD6776+550774]
	Ordinal0 [0x00FDA0F1+565489]
	Ordinal0 [0x00FD9F13+565011]
	Ordinal0 [0x00FD9D07+564487]
	Ordinal0 [0x00FE82C0+623296]
	Ordinal0 [0x00F86BDD+224221]
	Ordinal0 [0x00F85CAC+220332]
	Ordinal0 [0x00F8189B+202907]
	Ordinal0 [0x00F63DF4+81396]
	Ordinal0 [0x00F64DEE+85486]
	Ordinal0 [0x00F64D79+85369]
	Ordinal0 [0x011785DC+2262492]
	GetHandleVerifier [0x01402874+1487204]
	GetHandleVerifier [0x014023CD+1486013]
	GetHandleVerifier [0x0140A368+1518680]
	GetHandleVerifier [0x01402F4E+1488958]
	Ordinal0 [0x0116ED0D+2223373]
	Ordinal0 [0x0117A12B+2269483]
	Ordinal0 [0x0117A26F+2269807]
	Ordinal0 [0x0118ECB8+2354360]
	BaseThreadInitThunk [0x77296359+25]
	RtlGetAppContainerNamedObjectPath [0x773F8944+228]
	RtlGetAppContainerNamedObjectPath [0x773F8914+180]

	at org.openqa.selenium.remote.W3CHandshakeResponse.lambda$errorHandler$0(W3CHandshakeResponse.java:62)
	at org.openqa.selenium.remote.HandshakeResponse.lambda$getResponseFunction$0(HandshakeResponse.java:30)
	at org.openqa.selenium.remote.ProtocolHandshake.lambda$createSession$0(ProtocolHandshake.java:126)
	at java.util.stream.ReferencePipeline$3$1.accept(ReferencePipeline.java:193)
	at java.util.Spliterators$ArraySpliterator.tryAdvance(Spliterators.java:958)
	at java.util.stream.ReferencePipeline.forEachWithCancel(ReferencePipeline.java:126)
	at java.util.stream.AbstractPipeline.copyIntoWithCancel(AbstractPipeline.java:498)
	at java.util.stream.AbstractPipeline.copyInto(AbstractPipeline.java:485)
	at java.util.stream.AbstractPipeline.wrapAndCopyInto(AbstractPipeline.java:471)
	at java.util.stream.FindOps$FindOp.evaluateSequential(FindOps.java:152)
	at java.util.stream.AbstractPipeline.evaluate(AbstractPipeline.java:234)
	at java.util.stream.ReferencePipeline.findFirst(ReferencePipeline.java:464)
	at org.openqa.selenium.remote.ProtocolHandshake.createSession(ProtocolHandshake.java:128)
	at org.openqa.selenium.remote.ProtocolHandshake.createSession(ProtocolHandshake.java:74)
	at org.openqa.selenium.remote.HttpCommandExecutor.execute(HttpCommandExecutor.java:136)
	at org.openqa.selenium.remote.service.DriverCommandExecutor.execute(DriverCommandExecutor.java:83)
	at org.openqa.selenium.remote.RemoteWebDriver.execute(RemoteWebDriver.java:552)
	at org.openqa.selenium.remote.RemoteWebDriver.startSession(RemoteWebDriver.java:213)
	at org.openqa.selenium.remote.RemoteWebDriver.<init>(RemoteWebDriver.java:131)
	at org.openqa.selenium.chrome.ChromeDriver.<init>(ChromeDriver.java:181)
	at org.openqa.selenium.chrome.ChromeDriver.<init>(ChromeDriver.java:168)
	at org.openqa.selenium.chrome.ChromeDriver.<init>(ChromeDriver.java:123)
	at com.illinoislottery.base.TestBase.initialization(TestBase.java:39)
	at com.illinoislottery.testcases.HomePageTest.setUp(HomePageTest.java:24)
... Removed 41 stack frames]]>
    </failure>
  </testcase> <!-- @BeforeMethod setUp -->
  <testcase name="@BeforeMethod setUp" time="0.0" classname="com.illinoislottery.testcases.HomePageTest">
    <skipped/>
  </testcase> <!-- @BeforeMethod setUp -->
  <testcase name="@BeforeMethod setUp" time="0.0" classname="com.illinoislottery.testcases.HomePageTest">
    <skipped/>
  </testcase> <!-- @BeforeMethod setUp -->
  <testcase name="@BeforeMethod setUp" time="0.0" classname="com.illinoislottery.testcases.HomePageTest">
    <skipped/>
  </testcase> <!-- @BeforeMethod setUp -->
  <testcase name="@BeforeMethod setUp" time="0.0" classname="com.illinoislottery.testcases.HomePageTest">
    <skipped/>
  </testcase> <!-- @BeforeMethod setUp -->
  <testcase name="@BeforeMethod setUp" time="604.09" classname="com.illinoislottery.testcases.MainPageTest">
    <failure type="org.openqa.selenium.SessionNotCreatedException" message="session not created
from timeout: Timed out receiving message from renderer: 600.000
  (Session info: chrome=87.0.4280.88)
Build info: version: &amp;apos;3.141.59&amp;apos;, revision: &amp;apos;e82be7d358&amp;apos;, time: &amp;apos;2018-11-14T08:17:03&amp;apos;
System info: host: &amp;apos;DESKTOP-T00D909&amp;apos;, ip: &amp;apos;192.168.106.1&amp;apos;, os.name: &amp;apos;Windows 10&amp;apos;, os.arch: &amp;apos;amd64&amp;apos;, os.version: &amp;apos;10.0&amp;apos;, java.version: &amp;apos;1.8.0_121&amp;apos;
Driver info: driver.version: ChromeDriver
remote stacktrace: Backtrace:
	Ordinal0 [0x0127C0C3+3326147]
	Ordinal0 [0x01160851+2164817]
	Ordinal0 [0x00FE7298+619160]
	Ordinal0 [0x00FDB17F+569727]
	Ordinal0 [0x00FDA421+566305]
	Ordinal0 [0x00FDA815+567317]
	Ordinal0 [0x00FDA135+565557]
	Ordinal0 [0x00FE38B1+604337]
	Ordinal0 [0x00FDA0F1+565489]
	Ordinal0 [0x00FDAEA2+568994]
	Ordinal0 [0x00FDA421+566305]
	Ordinal0 [0x00FDA815+567317]
	Ordinal0 [0x00FDA135+565557]
	Ordinal0 [0x00FE1D2C+597292]
	Ordinal0 [0x00FDA0F1+565489]
	Ordinal0 [0x00FDAEA2+568994]
	Ordinal0 [0x00FDA421+566305]
	Ordinal0 [0x00FDA815+567317]
	Ordinal0 [0x00FDA135+565557]
	Ordinal0 [0x00FDFE62+589410]
	Ordinal0 [0x00FDA0F1+565489]
	Ordinal0 [0x00FDAEA2+568994]
	Ordinal0 [0x00FDA421+566305]
	Ordinal0 [0x00FDA815+567317]
	Ordinal0 [0x00FDA135+565557]
	Ordinal0 [0x00FDF075+585845]
	Ordinal0 [0x00FDA0F1+565489]
	Ordinal0 [0x00FDAEA2+568994]
	Ordinal0 [0x00FDA421+566305]
	Ordinal0 [0x00FDA815+567317]
	Ordinal0 [0x00FDA135+565557]
	Ordinal0 [0x00FD6776+550774]
	Ordinal0 [0x00FDA0F1+565489]
	Ordinal0 [0x00FD9F13+565011]
	Ordinal0 [0x00FD9D07+564487]
	Ordinal0 [0x00FE82C0+623296]
	Ordinal0 [0x00F86BDD+224221]
	Ordinal0 [0x00F85CAC+220332]
	Ordinal0 [0x00F8189B+202907]
	Ordinal0 [0x00F63DF4+81396]
	Ordinal0 [0x00F64DEE+85486]
	Ordinal0 [0x00F64D79+85369]
	Ordinal0 [0x011785DC+2262492]
	GetHandleVerifier [0x01402874+1487204]
	GetHandleVerifier [0x014023CD+1486013]
	GetHandleVerifier [0x0140A368+1518680]
	GetHandleVerifier [0x01402F4E+1488958]
	Ordinal0 [0x0116ED0D+2223373]
	Ordinal0 [0x0117A12B+2269483]
	Ordinal0 [0x0117A26F+2269807]
	Ordinal0 [0x0118ECB8+2354360]
	BaseThreadInitThunk [0x77296359+25]
	RtlGetAppContainerNamedObjectPath [0x773F8944+228]
	RtlGetAppContainerNamedObjectPath [0x773F8914+180]
">
      <![CDATA[org.openqa.selenium.SessionNotCreatedException: session not created
from timeout: Timed out receiving message from renderer: 600.000
  (Session info: chrome=87.0.4280.88)
Build info: version: '3.141.59', revision: 'e82be7d358', time: '2018-11-14T08:17:03'
System info: host: 'DESKTOP-T00D909', ip: '192.168.106.1', os.name: 'Windows 10', os.arch: 'amd64', os.version: '10.0', java.version: '1.8.0_121'
Driver info: driver.version: ChromeDriver
remote stacktrace: Backtrace:
	Ordinal0 [0x0127C0C3+3326147]
	Ordinal0 [0x01160851+2164817]
	Ordinal0 [0x00FE7298+619160]
	Ordinal0 [0x00FDB17F+569727]
	Ordinal0 [0x00FDA421+566305]
	Ordinal0 [0x00FDA815+567317]
	Ordinal0 [0x00FDA135+565557]
	Ordinal0 [0x00FE38B1+604337]
	Ordinal0 [0x00FDA0F1+565489]
	Ordinal0 [0x00FDAEA2+568994]
	Ordinal0 [0x00FDA421+566305]
	Ordinal0 [0x00FDA815+567317]
	Ordinal0 [0x00FDA135+565557]
	Ordinal0 [0x00FE1D2C+597292]
	Ordinal0 [0x00FDA0F1+565489]
	Ordinal0 [0x00FDAEA2+568994]
	Ordinal0 [0x00FDA421+566305]
	Ordinal0 [0x00FDA815+567317]
	Ordinal0 [0x00FDA135+565557]
	Ordinal0 [0x00FDFE62+589410]
	Ordinal0 [0x00FDA0F1+565489]
	Ordinal0 [0x00FDAEA2+568994]
	Ordinal0 [0x00FDA421+566305]
	Ordinal0 [0x00FDA815+567317]
	Ordinal0 [0x00FDA135+565557]
	Ordinal0 [0x00FDF075+585845]
	Ordinal0 [0x00FDA0F1+565489]
	Ordinal0 [0x00FDAEA2+568994]
	Ordinal0 [0x00FDA421+566305]
	Ordinal0 [0x00FDA815+567317]
	Ordinal0 [0x00FDA135+565557]
	Ordinal0 [0x00FD6776+550774]
	Ordinal0 [0x00FDA0F1+565489]
	Ordinal0 [0x00FD9F13+565011]
	Ordinal0 [0x00FD9D07+564487]
	Ordinal0 [0x00FE82C0+623296]
	Ordinal0 [0x00F86BDD+224221]
	Ordinal0 [0x00F85CAC+220332]
	Ordinal0 [0x00F8189B+202907]
	Ordinal0 [0x00F63DF4+81396]
	Ordinal0 [0x00F64DEE+85486]
	Ordinal0 [0x00F64D79+85369]
	Ordinal0 [0x011785DC+2262492]
	GetHandleVerifier [0x01402874+1487204]
	GetHandleVerifier [0x014023CD+1486013]
	GetHandleVerifier [0x0140A368+1518680]
	GetHandleVerifier [0x01402F4E+1488958]
	Ordinal0 [0x0116ED0D+2223373]
	Ordinal0 [0x0117A12B+2269483]
	Ordinal0 [0x0117A26F+2269807]
	Ordinal0 [0x0118ECB8+2354360]
	BaseThreadInitThunk [0x77296359+25]
	RtlGetAppContainerNamedObjectPath [0x773F8944+228]
	RtlGetAppContainerNamedObjectPath [0x773F8914+180]

	at org.openqa.selenium.remote.W3CHandshakeResponse.lambda$errorHandler$0(W3CHandshakeResponse.java:62)
	at org.openqa.selenium.remote.HandshakeResponse.lambda$getResponseFunction$0(HandshakeResponse.java:30)
	at org.openqa.selenium.remote.ProtocolHandshake.lambda$createSession$0(ProtocolHandshake.java:126)
	at java.util.stream.ReferencePipeline$3$1.accept(ReferencePipeline.java:193)
	at java.util.Spliterators$ArraySpliterator.tryAdvance(Spliterators.java:958)
	at java.util.stream.ReferencePipeline.forEachWithCancel(ReferencePipeline.java:126)
	at java.util.stream.AbstractPipeline.copyIntoWithCancel(AbstractPipeline.java:498)
	at java.util.stream.AbstractPipeline.copyInto(AbstractPipeline.java:485)
	at java.util.stream.AbstractPipeline.wrapAndCopyInto(AbstractPipeline.java:471)
	at java.util.stream.FindOps$FindOp.evaluateSequential(FindOps.java:152)
	at java.util.stream.AbstractPipeline.evaluate(AbstractPipeline.java:234)
	at java.util.stream.ReferencePipeline.findFirst(ReferencePipeline.java:464)
	at org.openqa.selenium.remote.ProtocolHandshake.createSession(ProtocolHandshake.java:128)
	at org.openqa.selenium.remote.ProtocolHandshake.createSession(ProtocolHandshake.java:74)
	at org.openqa.selenium.remote.HttpCommandExecutor.execute(HttpCommandExecutor.java:136)
	at org.openqa.selenium.remote.service.DriverCommandExecutor.execute(DriverCommandExecutor.java:83)
	at org.openqa.selenium.remote.RemoteWebDriver.execute(RemoteWebDriver.java:552)
	at org.openqa.selenium.remote.RemoteWebDriver.startSession(RemoteWebDriver.java:213)
	at org.openqa.selenium.remote.RemoteWebDriver.<init>(RemoteWebDriver.java:131)
	at org.openqa.selenium.chrome.ChromeDriver.<init>(ChromeDriver.java:181)
	at org.openqa.selenium.chrome.ChromeDriver.<init>(ChromeDriver.java:168)
	at org.openqa.selenium.chrome.ChromeDriver.<init>(ChromeDriver.java:123)
	at com.illinoislottery.base.TestBase.initialization(TestBase.java:39)
	at com.illinoislottery.testcases.MainPageTest.setUp(MainPageTest.java:21)
... Removed 41 stack frames]]>
    </failure>
  </testcase> <!-- @BeforeMethod setUp -->
  <testcase name="@BeforeMethod setUp" time="0.0" classname="com.illinoislottery.testcases.MainPageTest">
    <skipped/>
  </testcase> <!-- @BeforeMethod setUp -->
  <testcase name="verifyCorrectUserIsPresented" time="0.001" classname="com.illinoislottery.testcases.HomePageTest">
    <skipped/>
  </testcase> <!-- verifyCorrectUserIsPresented -->
  <testcase name="verifyGamesBtnClick" time="0.0" classname="com.illinoislottery.testcases.HomePageTest">
    <skipped/>
  </testcase> <!-- verifyGamesBtnClick -->
  <testcase name="verifyHomePageTitleTest" time="0.0" classname="com.illinoislottery.testcases.HomePageTest">
    <skipped/>
  </testcase> <!-- verifyHomePageTitleTest -->
  <testcase name="verifyLDLbtnClick" time="0.0" classname="com.illinoislottery.testcases.HomePageTest">
    <skipped/>
  </testcase> <!-- verifyLDLbtnClick -->
  <testcase name="veryfyPromotionsLinkClick" time="0.0" classname="com.illinoislottery.testcases.HomePageTest">
    <skipped/>
  </testcase> <!-- veryfyPromotionsLinkClick -->
  <testcase name="LogInTest" time="2.475" classname="com.illinoislottery.testcases.LogInPageTest">
    <failure type="org.openqa.selenium.StaleElementReferenceException" message="stale element reference: element is not attached to the page document
  (Session info: chrome=87.0.4280.88)
For documentation on this error, please visit: https://www.seleniumhq.org/exceptions/stale_element_reference.html
Build info: version: &amp;apos;3.141.59&amp;apos;, revision: &amp;apos;e82be7d358&amp;apos;, time: &amp;apos;2018-11-14T08:17:03&amp;apos;
System info: host: &amp;apos;DESKTOP-T00D909&amp;apos;, ip: &amp;apos;192.168.106.1&amp;apos;, os.name: &amp;apos;Windows 10&amp;apos;, os.arch: &amp;apos;amd64&amp;apos;, os.version: &amp;apos;10.0&amp;apos;, java.version: &amp;apos;1.8.0_121&amp;apos;
Driver info: org.openqa.selenium.chrome.ChromeDriver
Capabilities {acceptInsecureCerts: false, browserName: chrome, browserVersion: 87.0.4280.88, chrome: {chromedriverVersion: 87.0.4280.88 (89e2380a3e36c..., userDataDir: C:\WINDOWS\TEMP\scoped_dir9...}, goog:chromeOptions: {debuggerAddress: localhost:54131}, javascriptEnabled: true, networkConnectionEnabled: false, pageLoadStrategy: normal, platform: WINDOWS, platformName: WINDOWS, proxy: Proxy(), setWindowRect: true, strictFileInteractability: false, timeouts: {implicit: 0, pageLoad: 300000, script: 30000}, unhandledPromptBehavior: dismiss and notify, webauthn:virtualAuthenticators: true}
Session ID: 9088e2cdb3ea09cec6a9f5f7e5ec85f2">
      <![CDATA[org.openqa.selenium.StaleElementReferenceException: stale element reference: element is not attached to the page document
  (Session info: chrome=87.0.4280.88)
For documentation on this error, please visit: https://www.seleniumhq.org/exceptions/stale_element_reference.html
Build info: version: '3.141.59', revision: 'e82be7d358', time: '2018-11-14T08:17:03'
System info: host: 'DESKTOP-T00D909', ip: '192.168.106.1', os.name: 'Windows 10', os.arch: 'amd64', os.version: '10.0', java.version: '1.8.0_121'
Driver info: org.openqa.selenium.chrome.ChromeDriver
Capabilities {acceptInsecureCerts: false, browserName: chrome, browserVersion: 87.0.4280.88, chrome: {chromedriverVersion: 87.0.4280.88 (89e2380a3e36c..., userDataDir: C:\WINDOWS\TEMP\scoped_dir9...}, goog:chromeOptions: {debuggerAddress: localhost:54131}, javascriptEnabled: true, networkConnectionEnabled: false, pageLoadStrategy: normal, platform: WINDOWS, platformName: WINDOWS, proxy: Proxy(), setWindowRect: true, strictFileInteractability: false, timeouts: {implicit: 0, pageLoad: 300000, script: 30000}, unhandledPromptBehavior: dismiss and notify, webauthn:virtualAuthenticators: true}
Session ID: 9088e2cdb3ea09cec6a9f5f7e5ec85f2
	at org.openqa.selenium.remote.http.W3CHttpResponseCodec.createException(W3CHttpResponseCodec.java:187)
	at org.openqa.selenium.remote.http.W3CHttpResponseCodec.decode(W3CHttpResponseCodec.java:122)
	at org.openqa.selenium.remote.http.W3CHttpResponseCodec.decode(W3CHttpResponseCodec.java:49)
	at org.openqa.selenium.remote.HttpCommandExecutor.execute(HttpCommandExecutor.java:158)
	at org.openqa.selenium.remote.service.DriverCommandExecutor.execute(DriverCommandExecutor.java:83)
	at org.openqa.selenium.remote.RemoteWebDriver.execute(RemoteWebDriver.java:552)
	at org.openqa.selenium.remote.RemoteWebElement.execute(RemoteWebElement.java:285)
	at org.openqa.selenium.remote.RemoteWebElement.sendKeys(RemoteWebElement.java:106)
	at org.openqa.selenium.support.events.EventFiringWebDriver$EventFiringWebElement.lambda$new$0(EventFiringWebDriver.java:404)
	at com.sun.proxy.$Proxy11.sendKeys(Unknown Source)
	at org.openqa.selenium.support.events.EventFiringWebDriver$EventFiringWebElement.sendKeys(EventFiringWebDriver.java:429)
	at org.openqa.selenium.support.pagefactory.internal.LocatingElementHandler.invoke(LocatingElementHandler.java:51)
	at com.sun.proxy.$Proxy10.sendKeys(Unknown Source)
	at com.illinoislottery.pages.LogInPage.HomePageLogin(LogInPage.java:35)
	at com.illinoislottery.testcases.LogInPageTest.LogInTest(LogInPageTest.java:31)
... Removed 47 stack frames]]>
    </failure>
  </testcase> <!-- LogInTest -->
  <testcase name="mainPageLogoTest" time="0.119" classname="com.illinoislottery.testcases.MainPageTest"/>
  <testcase name="mainPageTitleTest" time="0.0" classname="com.illinoislottery.testcases.MainPageTest">
    <skipped/>
  </testcase> <!-- mainPageTitleTest -->
  <testcase name="verifyLoginLink" time="0.0" classname="com.illinoislottery.testcases.MainPageTest">
    <skipped/>
  </testcase> <!-- verifyLoginLink -->
</testsuite> <!-- Command line test -->
