<!DOCTYPE html PUBLIC "-//W3C//DTD XHTML 1.1//EN" "http://www.w3.org/TR/xhtml11/DTD/xhtml11.dtd">
<html xmlns="http://www.w3.org/1999/xhtml"><head><title>TestNG Report</title><style type="text/css">table {margin-bottom:10px;border-collapse:collapse;empty-cells:show}th,td {border:1px solid #009;padding:.25em .5em}th {vertical-align:bottom}td {vertical-align:top}table a {font-weight:bold}.stripe td {background-color: #E6EBF9}.num {text-align:right}.passedodd td {background-color: #3F3}.passedeven td {background-color: #0A0}.skippedodd td {background-color: #DDD}.skippedeven td {background-color: #CCC}.failedodd td,.attn {background-color: #F33}.failedeven td,.stripe .attn {background-color: #D00}.stacktrace {white-space:pre;font-family:monospace}.totop {font-size:85%;text-align:center;border-bottom:2px solid #000}</style></head><body><table><tr><th>Test</th><th># Passed</th><th># Skipped</th><th># Failed</th><th>Time (ms)</th><th>Included Groups</th><th>Excluded Groups</th></tr><tr><th colspan="7">Command line suite</th></tr><tr><td><a href="#t0">Command line test</a></td><td class="num">1</td><td class="num attn">7</td><td class="num attn">1</td><td class="num">1,232,216</td><td></td><td></td></tr></table><table id='summary'><thead><tr><th>Class</th><th>Method</th><th>Start</th><th>Time (ms)</th></tr></thead><tbody><tr><th colspan="4">Command line suite</th></tr></tbody><tbody id="t0"><tr><th colspan="4">Command line test &#8212; failed (configuration methods)</th></tr><tr class="failedeven"><td rowspan="1">com.illinoislottery.testcases.HomePageTest</td><td><a href="#m0">setUp</a></td><td rowspan="1">1607917704490</td><td rowspan="1">604848</td></tr><tr class="failedodd"><td rowspan="1">com.illinoislottery.testcases.MainPageTest</td><td><a href="#m1">setUp</a></td><td rowspan="1">1607918332556</td><td rowspan="1">604090</td></tr><tr><th colspan="4">Command line test &#8212; failed</th></tr><tr class="failedeven"><td rowspan="1">com.illinoislottery.testcases.LogInPageTest</td><td><a href="#m2">LogInTest</a></td><td rowspan="1">1607918319356</td><td rowspan="1">2475</td></tr><tr><th colspan="4">Command line test &#8212; skipped (configuration methods)</th></tr><tr class="skippedeven"><td rowspan="4">com.illinoislottery.testcases.HomePageTest</td><td><a href="#m3">setUp</a></td><td rowspan="4">1607918309348</td><td rowspan="4">0</td></tr><tr class="skippedeven"><td><a href="#m4">setUp</a></td></tr><tr class="skippedeven"><td><a href="#m5">setUp</a></td></tr><tr class="skippedeven"><td><a href="#m6">setUp</a></td></tr><tr class="skippedodd"><td rowspan="1">com.illinoislottery.testcases.MainPageTest</td><td><a href="#m7">setUp</a></td><td rowspan="1">1607918936660</td><td rowspan="1">0</td></tr><tr><th colspan="4">Command line test &#8212; skipped</th></tr><tr class="skippedeven"><td rowspan="5">com.illinoislottery.testcases.HomePageTest</td><td><a href="#m8">verifyCorrectUserIsPresented</a></td><td rowspan="1">1607918309345</td><td rowspan="1">1</td></tr><tr class="skippedeven"><td><a href="#m9">verifyGamesBtnClick</a></td><td rowspan="1">1607918309347</td><td rowspan="1">0</td></tr><tr class="skippedeven"><td><a href="#m10">verifyHomePageTitleTest</a></td><td rowspan="1">1607918309348</td><td rowspan="1">0</td></tr><tr class="skippedeven"><td><a href="#m11">verifyLDLbtnClick</a></td><td rowspan="1">1607918309348</td><td rowspan="1">0</td></tr><tr class="skippedeven"><td><a href="#m12">veryfyPromotionsLinkClick</a></td><td rowspan="1">1607918309349</td><td rowspan="1">0</td></tr><tr class="skippedodd"><td rowspan="2">com.illinoislottery.testcases.MainPageTest</td><td><a href="#m13">mainPageTitleTest</a></td><td rowspan="1">1607918936659</td><td rowspan="1">0</td></tr><tr class="skippedodd"><td><a href="#m14">verifyLoginLink</a></td><td rowspan="1">1607918936661</td><td rowspan="1">0</td></tr><tr><th colspan="4">Command line test &#8212; passed</th></tr><tr class="passedeven"><td rowspan="1">com.illinoislottery.testcases.MainPageTest</td><td><a href="#m15">mainPageLogoTest</a></td><td rowspan="1">1607918331601</td><td rowspan="1">119</td></tr></tbody></table><h2>Command line test</h2><h3 id="m0">com.illinoislottery.testcases.HomePageTest#setUp</h3><table class="result"><tr><th>Exception</th></tr><tr><td><div class="stacktrace">org.openqa.selenium.SessionNotCreatedException: session not created
from timeout: Timed out receiving message from renderer: 600.000
  (Session info: chrome=87.0.4280.88)
Build info: version: &apos;3.141.59&apos;, revision: &apos;e82be7d358&apos;, time: &apos;2018-11-14T08:17:03&apos;
System info: host: &apos;DESKTOP-T00D909&apos;, ip: &apos;192.168.106.1&apos;, os.name: &apos;Windows 10&apos;, os.arch: &apos;amd64&apos;, os.version: &apos;10.0&apos;, java.version: &apos;1.8.0_121&apos;
Driver info: driver.version: ChromeDriver
remote stacktrace: Backtrace:
	Ordinal0 [0x0127C0C3+3326147]
	Ordinal0 [0x01160851+2164817]
	Ordinal0 [0x00FE7298+619160]
	Ordinal0 [0x00FDB17F+569727]
	Ordinal0 [0x00FDA421+566305]
	Ordinal0 [0x00FDA815+567317]
	Ordinal0 [0x00FDA135+565557]
	Ordinal0 [0x00FE38B1+604337]
	Ordinal0 [0x00FDA0F1+565489]
	Ordinal0 [0x00FDAEA2+568994]
	Ordinal0 [0x00FDA421+566305]
	Ordinal0 [0x00FDA815+567317]
	Ordinal0 [0x00FDA135+565557]
	Ordinal0 [0x00FE1D2C+597292]
	Ordinal0 [0x00FDA0F1+565489]
	Ordinal0 [0x00FDAEA2+568994]
	Ordinal0 [0x00FDA421+566305]
	Ordinal0 [0x00FDA815+567317]
	Ordinal0 [0x00FDA135+565557]
	Ordinal0 [0x00FDFE62+589410]
	Ordinal0 [0x00FDA0F1+565489]
	Ordinal0 [0x00FDAEA2+568994]
	Ordinal0 [0x00FDA421+566305]
	Ordinal0 [0x00FDA815+567317]
	Ordinal0 [0x00FDA135+565557]
	Ordinal0 [0x00FDF075+585845]
	Ordinal0 [0x00FDA0F1+565489]
	Ordinal0 [0x00FDAEA2+568994]
	Ordinal0 [0x00FDA421+566305]
	Ordinal0 [0x00FDA815+567317]
	Ordinal0 [0x00FDA135+565557]
	Ordinal0 [0x00FD6776+550774]
	Ordinal0 [0x00FDA0F1+565489]
	Ordinal0 [0x00FD9F13+565011]
	Ordinal0 [0x00FD9D07+564487]
	Ordinal0 [0x00FE82C0+623296]
	Ordinal0 [0x00F86BDD+224221]
	Ordinal0 [0x00F85CAC+220332]
	Ordinal0 [0x00F8189B+202907]
	Ordinal0 [0x00F63DF4+81396]
	Ordinal0 [0x00F64DEE+85486]
	Ordinal0 [0x00F64D79+85369]
	Ordinal0 [0x011785DC+2262492]
	GetHandleVerifier [0x01402874+1487204]
	GetHandleVerifier [0x014023CD+1486013]
	GetHandleVerifier [0x0140A368+1518680]
	GetHandleVerifier [0x01402F4E+1488958]
	Ordinal0 [0x0116ED0D+2223373]
	Ordinal0 [0x0117A12B+2269483]
	Ordinal0 [0x0117A26F+2269807]
	Ordinal0 [0x0118ECB8+2354360]
	BaseThreadInitThunk [0x77296359+25]
	RtlGetAppContainerNamedObjectPath [0x773F8944+228]
	RtlGetAppContainerNamedObjectPath [0x773F8914+180]

	at org.openqa.selenium.remote.W3CHandshakeResponse.lambda$errorHandler$0(W3CHandshakeResponse.java:62)
	at org.openqa.selenium.remote.HandshakeResponse.lambda$getResponseFunction$0(HandshakeResponse.java:30)
	at org.openqa.selenium.remote.ProtocolHandshake.lambda$createSession$0(ProtocolHandshake.java:126)
	at java.util.stream.ReferencePipeline$3$1.accept(ReferencePipeline.java:193)
	at java.util.Spliterators$ArraySpliterator.tryAdvance(Spliterators.java:958)
	at java.util.stream.ReferencePipeline.forEachWithCancel(ReferencePipeline.java:126)
	at java.util.stream.AbstractPipeline.copyIntoWithCancel(AbstractPipeline.java:498)
	at java.util.stream.AbstractPipeline.copyInto(AbstractPipeline.java:485)
	at java.util.stream.AbstractPipeline.wrapAndCopyInto(AbstractPipeline.java:471)
	at java.util.stream.FindOps$FindOp.evaluateSequential(FindOps.java:152)
	at java.util.stream.AbstractPipeline.evaluate(AbstractPipeline.java:234)
	at java.util.stream.ReferencePipeline.findFirst(ReferencePipeline.java:464)
	at org.openqa.selenium.remote.ProtocolHandshake.createSession(ProtocolHandshake.java:128)
	at org.openqa.selenium.remote.ProtocolHandshake.createSession(ProtocolHandshake.java:74)
	at org.openqa.selenium.remote.HttpCommandExecutor.execute(HttpCommandExecutor.java:136)
	at org.openqa.selenium.remote.service.DriverCommandExecutor.execute(DriverCommandExecutor.java:83)
	at org.openqa.selenium.remote.RemoteWebDriver.execute(RemoteWebDriver.java:552)
	at org.openqa.selenium.remote.RemoteWebDriver.startSession(RemoteWebDriver.java:213)
	at org.openqa.selenium.remote.RemoteWebDriver.&lt;init&gt;(RemoteWebDriver.java:131)
	at org.openqa.selenium.chrome.ChromeDriver.&lt;init&gt;(ChromeDriver.java:181)
	at org.openqa.selenium.chrome.ChromeDriver.&lt;init&gt;(ChromeDriver.java:168)
	at org.openqa.selenium.chrome.ChromeDriver.&lt;init&gt;(ChromeDriver.java:123)
	at com.illinoislottery.base.TestBase.initialization(TestBase.java:39)
	at com.illinoislottery.testcases.HomePageTest.setUp(HomePageTest.java:24)
... Removed 41 stack frames</div></td></tr></table><p class="totop"><a href="#summary">back to summary</a></p><h3 id="m1">com.illinoislottery.testcases.MainPageTest#setUp</h3><table class="result"><tr><th>Exception</th></tr><tr><td><div class="stacktrace">org.openqa.selenium.SessionNotCreatedException: session not created
from timeout: Timed out receiving message from renderer: 600.000
  (Session info: chrome=87.0.4280.88)
Build info: version: &apos;3.141.59&apos;, revision: &apos;e82be7d358&apos;, time: &apos;2018-11-14T08:17:03&apos;
System info: host: &apos;DESKTOP-T00D909&apos;, ip: &apos;192.168.106.1&apos;, os.name: &apos;Windows 10&apos;, os.arch: &apos;amd64&apos;, os.version: &apos;10.0&apos;, java.version: &apos;1.8.0_121&apos;
Driver info: driver.version: ChromeDriver
remote stacktrace: Backtrace:
	Ordinal0 [0x0127C0C3+3326147]
	Ordinal0 [0x01160851+2164817]
	Ordinal0 [0x00FE7298+619160]
	Ordinal0 [0x00FDB17F+569727]
	Ordinal0 [0x00FDA421+566305]
	Ordinal0 [0x00FDA815+567317]
	Ordinal0 [0x00FDA135+565557]
	Ordinal0 [0x00FE38B1+604337]
	Ordinal0 [0x00FDA0F1+565489]
	Ordinal0 [0x00FDAEA2+568994]
	Ordinal0 [0x00FDA421+566305]
	Ordinal0 [0x00FDA815+567317]
	Ordinal0 [0x00FDA135+565557]
	Ordinal0 [0x00FE1D2C+597292]
	Ordinal0 [0x00FDA0F1+565489]
	Ordinal0 [0x00FDAEA2+568994]
	Ordinal0 [0x00FDA421+566305]
	Ordinal0 [0x00FDA815+567317]
	Ordinal0 [0x00FDA135+565557]
	Ordinal0 [0x00FDFE62+589410]
	Ordinal0 [0x00FDA0F1+565489]
	Ordinal0 [0x00FDAEA2+568994]
	Ordinal0 [0x00FDA421+566305]
	Ordinal0 [0x00FDA815+567317]
	Ordinal0 [0x00FDA135+565557]
	Ordinal0 [0x00FDF075+585845]
	Ordinal0 [0x00FDA0F1+565489]
	Ordinal0 [0x00FDAEA2+568994]
	Ordinal0 [0x00FDA421+566305]
	Ordinal0 [0x00FDA815+567317]
	Ordinal0 [0x00FDA135+565557]
	Ordinal0 [0x00FD6776+550774]
	Ordinal0 [0x00FDA0F1+565489]
	Ordinal0 [0x00FD9F13+565011]
	Ordinal0 [0x00FD9D07+564487]
	Ordinal0 [0x00FE82C0+623296]
	Ordinal0 [0x00F86BDD+224221]
	Ordinal0 [0x00F85CAC+220332]
	Ordinal0 [0x00F8189B+202907]
	Ordinal0 [0x00F63DF4+81396]
	Ordinal0 [0x00F64DEE+85486]
	Ordinal0 [0x00F64D79+85369]
	Ordinal0 [0x011785DC+2262492]
	GetHandleVerifier [0x01402874+1487204]
	GetHandleVerifier [0x014023CD+1486013]
	GetHandleVerifier [0x0140A368+1518680]
	GetHandleVerifier [0x01402F4E+1488958]
	Ordinal0 [0x0116ED0D+2223373]
	Ordinal0 [0x0117A12B+2269483]
	Ordinal0 [0x0117A26F+2269807]
	Ordinal0 [0x0118ECB8+2354360]
	BaseThreadInitThunk [0x77296359+25]
	RtlGetAppContainerNamedObjectPath [0x773F8944+228]
	RtlGetAppContainerNamedObjectPath [0x773F8914+180]

	at org.openqa.selenium.remote.W3CHandshakeResponse.lambda$errorHandler$0(W3CHandshakeResponse.java:62)
	at org.openqa.selenium.remote.HandshakeResponse.lambda$getResponseFunction$0(HandshakeResponse.java:30)
	at org.openqa.selenium.remote.ProtocolHandshake.lambda$createSession$0(ProtocolHandshake.java:126)
	at java.util.stream.ReferencePipeline$3$1.accept(ReferencePipeline.java:193)
	at java.util.Spliterators$ArraySpliterator.tryAdvance(Spliterators.java:958)
	at java.util.stream.ReferencePipeline.forEachWithCancel(ReferencePipeline.java:126)
	at java.util.stream.AbstractPipeline.copyIntoWithCancel(AbstractPipeline.java:498)
	at java.util.stream.AbstractPipeline.copyInto(AbstractPipeline.java:485)
	at java.util.stream.AbstractPipeline.wrapAndCopyInto(AbstractPipeline.java:471)
	at java.util.stream.FindOps$FindOp.evaluateSequential(FindOps.java:152)
	at java.util.stream.AbstractPipeline.evaluate(AbstractPipeline.java:234)
	at java.util.stream.ReferencePipeline.findFirst(ReferencePipeline.java:464)
	at org.openqa.selenium.remote.ProtocolHandshake.createSession(ProtocolHandshake.java:128)
	at org.openqa.selenium.remote.ProtocolHandshake.createSession(ProtocolHandshake.java:74)
	at org.openqa.selenium.remote.HttpCommandExecutor.execute(HttpCommandExecutor.java:136)
	at org.openqa.selenium.remote.service.DriverCommandExecutor.execute(DriverCommandExecutor.java:83)
	at org.openqa.selenium.remote.RemoteWebDriver.execute(RemoteWebDriver.java:552)
	at org.openqa.selenium.remote.RemoteWebDriver.startSession(RemoteWebDriver.java:213)
	at org.openqa.selenium.remote.RemoteWebDriver.&lt;init&gt;(RemoteWebDriver.java:131)
	at org.openqa.selenium.chrome.ChromeDriver.&lt;init&gt;(ChromeDriver.java:181)
	at org.openqa.selenium.chrome.ChromeDriver.&lt;init&gt;(ChromeDriver.java:168)
	at org.openqa.selenium.chrome.ChromeDriver.&lt;init&gt;(ChromeDriver.java:123)
	at com.illinoislottery.base.TestBase.initialization(TestBase.java:39)
	at com.illinoislottery.testcases.MainPageTest.setUp(MainPageTest.java:21)
... Removed 41 stack frames</div></td></tr></table><p class="totop"><a href="#summary">back to summary</a></p><h3 id="m2">com.illinoislottery.testcases.LogInPageTest#LogInTest</h3><table class="result"><tr><th>Exception</th></tr><tr><td><div class="stacktrace">org.openqa.selenium.StaleElementReferenceException: stale element reference: element is not attached to the page document
  (Session info: chrome=87.0.4280.88)
For documentation on this error, please visit: https://www.seleniumhq.org/exceptions/stale_element_reference.html
Build info: version: &apos;3.141.59&apos;, revision: &apos;e82be7d358&apos;, time: &apos;2018-11-14T08:17:03&apos;
System info: host: &apos;DESKTOP-T00D909&apos;, ip: &apos;192.168.106.1&apos;, os.name: &apos;Windows 10&apos;, os.arch: &apos;amd64&apos;, os.version: &apos;10.0&apos;, java.version: &apos;1.8.0_121&apos;
Driver info: org.openqa.selenium.chrome.ChromeDriver
Capabilities {acceptInsecureCerts: false, browserName: chrome, browserVersion: 87.0.4280.88, chrome: {chromedriverVersion: 87.0.4280.88 (89e2380a3e36c..., userDataDir: C:\WINDOWS\TEMP\scoped_dir9...}, goog:chromeOptions: {debuggerAddress: localhost:54131}, javascriptEnabled: true, networkConnectionEnabled: false, pageLoadStrategy: normal, platform: WINDOWS, platformName: WINDOWS, proxy: Proxy(), setWindowRect: true, strictFileInteractability: false, timeouts: {implicit: 0, pageLoad: 300000, script: 30000}, unhandledPromptBehavior: dismiss and notify, webauthn:virtualAuthenticators: true}
Session ID: 9088e2cdb3ea09cec6a9f5f7e5ec85f2
	at org.openqa.selenium.remote.http.W3CHttpResponseCodec.createException(W3CHttpResponseCodec.java:187)
	at org.openqa.selenium.remote.http.W3CHttpResponseCodec.decode(W3CHttpResponseCodec.java:122)
	at org.openqa.selenium.remote.http.W3CHttpResponseCodec.decode(W3CHttpResponseCodec.java:49)
	at org.openqa.selenium.remote.HttpCommandExecutor.execute(HttpCommandExecutor.java:158)
	at org.openqa.selenium.remote.service.DriverCommandExecutor.execute(DriverCommandExecutor.java:83)
	at org.openqa.selenium.remote.RemoteWebDriver.execute(RemoteWebDriver.java:552)
	at org.openqa.selenium.remote.RemoteWebElement.execute(RemoteWebElement.java:285)
	at org.openqa.selenium.remote.RemoteWebElement.sendKeys(RemoteWebElement.java:106)
	at org.openqa.selenium.support.events.EventFiringWebDriver$EventFiringWebElement.lambda$new$0(EventFiringWebDriver.java:404)
	at com.sun.proxy.$Proxy11.sendKeys(Unknown Source)
	at org.openqa.selenium.support.events.EventFiringWebDriver$EventFiringWebElement.sendKeys(EventFiringWebDriver.java:429)
	at org.openqa.selenium.support.pagefactory.internal.LocatingElementHandler.invoke(LocatingElementHandler.java:51)
	at com.sun.proxy.$Proxy10.sendKeys(Unknown Source)
	at com.illinoislottery.pages.LogInPage.HomePageLogin(LogInPage.java:35)
	at com.illinoislottery.testcases.LogInPageTest.LogInTest(LogInPageTest.java:31)
... Removed 47 stack frames</div></td></tr></table><p class="totop"><a href="#summary">back to summary</a></p><h3 id="m3">com.illinoislottery.testcases.HomePageTest#setUp</h3><table class="result"></table><p class="totop"><a href="#summary">back to summary</a></p><h3 id="m4">com.illinoislottery.testcases.HomePageTest#setUp</h3><table class="result"></table><p class="totop"><a href="#summary">back to summary</a></p><h3 id="m5">com.illinoislottery.testcases.HomePageTest#setUp</h3><table class="result"></table><p class="totop"><a href="#summary">back to summary</a></p><h3 id="m6">com.illinoislottery.testcases.HomePageTest#setUp</h3><table class="result"></table><p class="totop"><a href="#summary">back to summary</a></p><h3 id="m7">com.illinoislottery.testcases.MainPageTest#setUp</h3><table class="result"></table><p class="totop"><a href="#summary">back to summary</a></p><h3 id="m8">com.illinoislottery.testcases.HomePageTest#verifyCorrectUserIsPresented</h3><table class="result"><tr><th>Exception</th></tr><tr><td><div class="stacktrace">org.openqa.selenium.SessionNotCreatedException: session not created
from timeout: Timed out receiving message from renderer: 600.000
  (Session info: chrome=87.0.4280.88)
Build info: version: &apos;3.141.59&apos;, revision: &apos;e82be7d358&apos;, time: &apos;2018-11-14T08:17:03&apos;
System info: host: &apos;DESKTOP-T00D909&apos;, ip: &apos;192.168.106.1&apos;, os.name: &apos;Windows 10&apos;, os.arch: &apos;amd64&apos;, os.version: &apos;10.0&apos;, java.version: &apos;1.8.0_121&apos;
Driver info: driver.version: ChromeDriver
remote stacktrace: Backtrace:
	Ordinal0 [0x0127C0C3+3326147]
	Ordinal0 [0x01160851+2164817]
	Ordinal0 [0x00FE7298+619160]
	Ordinal0 [0x00FDB17F+569727]
	Ordinal0 [0x00FDA421+566305]
	Ordinal0 [0x00FDA815+567317]
	Ordinal0 [0x00FDA135+565557]
	Ordinal0 [0x00FE38B1+604337]
	Ordinal0 [0x00FDA0F1+565489]
	Ordinal0 [0x00FDAEA2+568994]
	Ordinal0 [0x00FDA421+566305]
	Ordinal0 [0x00FDA815+567317]
	Ordinal0 [0x00FDA135+565557]
	Ordinal0 [0x00FE1D2C+597292]
	Ordinal0 [0x00FDA0F1+565489]
	Ordinal0 [0x00FDAEA2+568994]
	Ordinal0 [0x00FDA421+566305]
	Ordinal0 [0x00FDA815+567317]
	Ordinal0 [0x00FDA135+565557]
	Ordinal0 [0x00FDFE62+589410]
	Ordinal0 [0x00FDA0F1+565489]
	Ordinal0 [0x00FDAEA2+568994]
	Ordinal0 [0x00FDA421+566305]
	Ordinal0 [0x00FDA815+567317]
	Ordinal0 [0x00FDA135+565557]
	Ordinal0 [0x00FDF075+585845]
	Ordinal0 [0x00FDA0F1+565489]
	Ordinal0 [0x00FDAEA2+568994]
	Ordinal0 [0x00FDA421+566305]
	Ordinal0 [0x00FDA815+567317]
	Ordinal0 [0x00FDA135+565557]
	Ordinal0 [0x00FD6776+550774]
	Ordinal0 [0x00FDA0F1+565489]
	Ordinal0 [0x00FD9F13+565011]
	Ordinal0 [0x00FD9D07+564487]
	Ordinal0 [0x00FE82C0+623296]
	Ordinal0 [0x00F86BDD+224221]
	Ordinal0 [0x00F85CAC+220332]
	Ordinal0 [0x00F8189B+202907]
	Ordinal0 [0x00F63DF4+81396]
	Ordinal0 [0x00F64DEE+85486]
	Ordinal0 [0x00F64D79+85369]
	Ordinal0 [0x011785DC+2262492]
	GetHandleVerifier [0x01402874+1487204]
	GetHandleVerifier [0x014023CD+1486013]
	GetHandleVerifier [0x0140A368+1518680]
	GetHandleVerifier [0x01402F4E+1488958]
	Ordinal0 [0x0116ED0D+2223373]
	Ordinal0 [0x0117A12B+2269483]
	Ordinal0 [0x0117A26F+2269807]
	Ordinal0 [0x0118ECB8+2354360]
	BaseThreadInitThunk [0x77296359+25]
	RtlGetAppContainerNamedObjectPath [0x773F8944+228]
	RtlGetAppContainerNamedObjectPath [0x773F8914+180]

	at org.openqa.selenium.remote.W3CHandshakeResponse.lambda$errorHandler$0(W3CHandshakeResponse.java:62)
	at org.openqa.selenium.remote.HandshakeResponse.lambda$getResponseFunction$0(HandshakeResponse.java:30)
	at org.openqa.selenium.remote.ProtocolHandshake.lambda$createSession$0(ProtocolHandshake.java:126)
	at java.util.stream.ReferencePipeline$3$1.accept(ReferencePipeline.java:193)
	at java.util.Spliterators$ArraySpliterator.tryAdvance(Spliterators.java:958)
	at java.util.stream.ReferencePipeline.forEachWithCancel(ReferencePipeline.java:126)
	at java.util.stream.AbstractPipeline.copyIntoWithCancel(AbstractPipeline.java:498)
	at java.util.stream.AbstractPipeline.copyInto(AbstractPipeline.java:485)
	at java.util.stream.AbstractPipeline.wrapAndCopyInto(AbstractPipeline.java:471)
	at java.util.stream.FindOps$FindOp.evaluateSequential(FindOps.java:152)
	at java.util.stream.AbstractPipeline.evaluate(AbstractPipeline.java:234)
	at java.util.stream.ReferencePipeline.findFirst(ReferencePipeline.java:464)
	at org.openqa.selenium.remote.ProtocolHandshake.createSession(ProtocolHandshake.java:128)
	at org.openqa.selenium.remote.ProtocolHandshake.createSession(ProtocolHandshake.java:74)
	at org.openqa.selenium.remote.HttpCommandExecutor.execute(HttpCommandExecutor.java:136)
	at org.openqa.selenium.remote.service.DriverCommandExecutor.execute(DriverCommandExecutor.java:83)
	at org.openqa.selenium.remote.RemoteWebDriver.execute(RemoteWebDriver.java:552)
	at org.openqa.selenium.remote.RemoteWebDriver.startSession(RemoteWebDriver.java:213)
	at org.openqa.selenium.remote.RemoteWebDriver.&lt;init&gt;(RemoteWebDriver.java:131)
	at org.openqa.selenium.chrome.ChromeDriver.&lt;init&gt;(ChromeDriver.java:181)
	at org.openqa.selenium.chrome.ChromeDriver.&lt;init&gt;(ChromeDriver.java:168)
	at org.openqa.selenium.chrome.ChromeDriver.&lt;init&gt;(ChromeDriver.java:123)
	at com.illinoislottery.base.TestBase.initialization(TestBase.java:39)
	at com.illinoislottery.testcases.HomePageTest.setUp(HomePageTest.java:24)
... Removed 41 stack frames</div></td></tr></table><p class="totop"><a href="#summary">back to summary</a></p><h3 id="m9">com.illinoislottery.testcases.HomePageTest#verifyGamesBtnClick</h3><table class="result"><tr><th>Exception</th></tr><tr><td><div class="stacktrace">org.openqa.selenium.SessionNotCreatedException: session not created
from timeout: Timed out receiving message from renderer: 600.000
  (Session info: chrome=87.0.4280.88)
Build info: version: &apos;3.141.59&apos;, revision: &apos;e82be7d358&apos;, time: &apos;2018-11-14T08:17:03&apos;
System info: host: &apos;DESKTOP-T00D909&apos;, ip: &apos;192.168.106.1&apos;, os.name: &apos;Windows 10&apos;, os.arch: &apos;amd64&apos;, os.version: &apos;10.0&apos;, java.version: &apos;1.8.0_121&apos;
Driver info: driver.version: ChromeDriver
remote stacktrace: Backtrace:
	Ordinal0 [0x0127C0C3+3326147]
	Ordinal0 [0x01160851+2164817]
	Ordinal0 [0x00FE7298+619160]
	Ordinal0 [0x00FDB17F+569727]
	Ordinal0 [0x00FDA421+566305]
	Ordinal0 [0x00FDA815+567317]
	Ordinal0 [0x00FDA135+565557]
	Ordinal0 [0x00FE38B1+604337]
	Ordinal0 [0x00FDA0F1+565489]
	Ordinal0 [0x00FDAEA2+568994]
	Ordinal0 [0x00FDA421+566305]
	Ordinal0 [0x00FDA815+567317]
	Ordinal0 [0x00FDA135+565557]
	Ordinal0 [0x00FE1D2C+597292]
	Ordinal0 [0x00FDA0F1+565489]
	Ordinal0 [0x00FDAEA2+568994]
	Ordinal0 [0x00FDA421+566305]
	Ordinal0 [0x00FDA815+567317]
	Ordinal0 [0x00FDA135+565557]
	Ordinal0 [0x00FDFE62+589410]
	Ordinal0 [0x00FDA0F1+565489]
	Ordinal0 [0x00FDAEA2+568994]
	Ordinal0 [0x00FDA421+566305]
	Ordinal0 [0x00FDA815+567317]
	Ordinal0 [0x00FDA135+565557]
	Ordinal0 [0x00FDF075+585845]
	Ordinal0 [0x00FDA0F1+565489]
	Ordinal0 [0x00FDAEA2+568994]
	Ordinal0 [0x00FDA421+566305]
	Ordinal0 [0x00FDA815+567317]
	Ordinal0 [0x00FDA135+565557]
	Ordinal0 [0x00FD6776+550774]
	Ordinal0 [0x00FDA0F1+565489]
	Ordinal0 [0x00FD9F13+565011]
	Ordinal0 [0x00FD9D07+564487]
	Ordinal0 [0x00FE82C0+623296]
	Ordinal0 [0x00F86BDD+224221]
	Ordinal0 [0x00F85CAC+220332]
	Ordinal0 [0x00F8189B+202907]
	Ordinal0 [0x00F63DF4+81396]
	Ordinal0 [0x00F64DEE+85486]
	Ordinal0 [0x00F64D79+85369]
	Ordinal0 [0x011785DC+2262492]
	GetHandleVerifier [0x01402874+1487204]
	GetHandleVerifier [0x014023CD+1486013]
	GetHandleVerifier [0x0140A368+1518680]
	GetHandleVerifier [0x01402F4E+1488958]
	Ordinal0 [0x0116ED0D+2223373]
	Ordinal0 [0x0117A12B+2269483]
	Ordinal0 [0x0117A26F+2269807]
	Ordinal0 [0x0118ECB8+2354360]
	BaseThreadInitThunk [0x77296359+25]
	RtlGetAppContainerNamedObjectPath [0x773F8944+228]
	RtlGetAppContainerNamedObjectPath [0x773F8914+180]

	at org.openqa.selenium.remote.W3CHandshakeResponse.lambda$errorHandler$0(W3CHandshakeResponse.java:62)
	at org.openqa.selenium.remote.HandshakeResponse.lambda$getResponseFunction$0(HandshakeResponse.java:30)
	at org.openqa.selenium.remote.ProtocolHandshake.lambda$createSession$0(ProtocolHandshake.java:126)
	at java.util.stream.ReferencePipeline$3$1.accept(ReferencePipeline.java:193)
	at java.util.Spliterators$ArraySpliterator.tryAdvance(Spliterators.java:958)
	at java.util.stream.ReferencePipeline.forEachWithCancel(ReferencePipeline.java:126)
	at java.util.stream.AbstractPipeline.copyIntoWithCancel(AbstractPipeline.java:498)
	at java.util.stream.AbstractPipeline.copyInto(AbstractPipeline.java:485)
	at java.util.stream.AbstractPipeline.wrapAndCopyInto(AbstractPipeline.java:471)
	at java.util.stream.FindOps$FindOp.evaluateSequential(FindOps.java:152)
	at java.util.stream.AbstractPipeline.evaluate(AbstractPipeline.java:234)
	at java.util.stream.ReferencePipeline.findFirst(ReferencePipeline.java:464)
	at org.openqa.selenium.remote.ProtocolHandshake.createSession(ProtocolHandshake.java:128)
	at org.openqa.selenium.remote.ProtocolHandshake.createSession(ProtocolHandshake.java:74)
	at org.openqa.selenium.remote.HttpCommandExecutor.execute(HttpCommandExecutor.java:136)
	at org.openqa.selenium.remote.service.DriverCommandExecutor.execute(DriverCommandExecutor.java:83)
	at org.openqa.selenium.remote.RemoteWebDriver.execute(RemoteWebDriver.java:552)
	at org.openqa.selenium.remote.RemoteWebDriver.startSession(RemoteWebDriver.java:213)
	at org.openqa.selenium.remote.RemoteWebDriver.&lt;init&gt;(RemoteWebDriver.java:131)
	at org.openqa.selenium.chrome.ChromeDriver.&lt;init&gt;(ChromeDriver.java:181)
	at org.openqa.selenium.chrome.ChromeDriver.&lt;init&gt;(ChromeDriver.java:168)
	at org.openqa.selenium.chrome.ChromeDriver.&lt;init&gt;(ChromeDriver.java:123)
	at com.illinoislottery.base.TestBase.initialization(TestBase.java:39)
	at com.illinoislottery.testcases.HomePageTest.setUp(HomePageTest.java:24)
... Removed 41 stack frames</div></td></tr></table><p class="totop"><a href="#summary">back to summary</a></p><h3 id="m10">com.illinoislottery.testcases.HomePageTest#verifyHomePageTitleTest</h3><table class="result"><tr><th>Exception</th></tr><tr><td><div class="stacktrace">org.openqa.selenium.SessionNotCreatedException: session not created
from timeout: Timed out receiving message from renderer: 600.000
  (Session info: chrome=87.0.4280.88)
Build info: version: &apos;3.141.59&apos;, revision: &apos;e82be7d358&apos;, time: &apos;2018-11-14T08:17:03&apos;
System info: host: &apos;DESKTOP-T00D909&apos;, ip: &apos;192.168.106.1&apos;, os.name: &apos;Windows 10&apos;, os.arch: &apos;amd64&apos;, os.version: &apos;10.0&apos;, java.version: &apos;1.8.0_121&apos;
Driver info: driver.version: ChromeDriver
remote stacktrace: Backtrace:
	Ordinal0 [0x0127C0C3+3326147]
	Ordinal0 [0x01160851+2164817]
	Ordinal0 [0x00FE7298+619160]
	Ordinal0 [0x00FDB17F+569727]
	Ordinal0 [0x00FDA421+566305]
	Ordinal0 [0x00FDA815+567317]
	Ordinal0 [0x00FDA135+565557]
	Ordinal0 [0x00FE38B1+604337]
	Ordinal0 [0x00FDA0F1+565489]
	Ordinal0 [0x00FDAEA2+568994]
	Ordinal0 [0x00FDA421+566305]
	Ordinal0 [0x00FDA815+567317]
	Ordinal0 [0x00FDA135+565557]
	Ordinal0 [0x00FE1D2C+597292]
	Ordinal0 [0x00FDA0F1+565489]
	Ordinal0 [0x00FDAEA2+568994]
	Ordinal0 [0x00FDA421+566305]
	Ordinal0 [0x00FDA815+567317]
	Ordinal0 [0x00FDA135+565557]
	Ordinal0 [0x00FDFE62+589410]
	Ordinal0 [0x00FDA0F1+565489]
	Ordinal0 [0x00FDAEA2+568994]
	Ordinal0 [0x00FDA421+566305]
	Ordinal0 [0x00FDA815+567317]
	Ordinal0 [0x00FDA135+565557]
	Ordinal0 [0x00FDF075+585845]
	Ordinal0 [0x00FDA0F1+565489]
	Ordinal0 [0x00FDAEA2+568994]
	Ordinal0 [0x00FDA421+566305]
	Ordinal0 [0x00FDA815+567317]
	Ordinal0 [0x00FDA135+565557]
	Ordinal0 [0x00FD6776+550774]
	Ordinal0 [0x00FDA0F1+565489]
	Ordinal0 [0x00FD9F13+565011]
	Ordinal0 [0x00FD9D07+564487]
	Ordinal0 [0x00FE82C0+623296]
	Ordinal0 [0x00F86BDD+224221]
	Ordinal0 [0x00F85CAC+220332]
	Ordinal0 [0x00F8189B+202907]
	Ordinal0 [0x00F63DF4+81396]
	Ordinal0 [0x00F64DEE+85486]
	Ordinal0 [0x00F64D79+85369]
	Ordinal0 [0x011785DC+2262492]
	GetHandleVerifier [0x01402874+1487204]
	GetHandleVerifier [0x014023CD+1486013]
	GetHandleVerifier [0x0140A368+1518680]
	GetHandleVerifier [0x01402F4E+1488958]
	Ordinal0 [0x0116ED0D+2223373]
	Ordinal0 [0x0117A12B+2269483]
	Ordinal0 [0x0117A26F+2269807]
	Ordinal0 [0x0118ECB8+2354360]
	BaseThreadInitThunk [0x77296359+25]
	RtlGetAppContainerNamedObjectPath [0x773F8944+228]
	RtlGetAppContainerNamedObjectPath [0x773F8914+180]

	at org.openqa.selenium.remote.W3CHandshakeResponse.lambda$errorHandler$0(W3CHandshakeResponse.java:62)
	at org.openqa.selenium.remote.HandshakeResponse.lambda$getResponseFunction$0(HandshakeResponse.java:30)
	at org.openqa.selenium.remote.ProtocolHandshake.lambda$createSession$0(ProtocolHandshake.java:126)
	at java.util.stream.ReferencePipeline$3$1.accept(ReferencePipeline.java:193)
	at java.util.Spliterators$ArraySpliterator.tryAdvance(Spliterators.java:958)
	at java.util.stream.ReferencePipeline.forEachWithCancel(ReferencePipeline.java:126)
	at java.util.stream.AbstractPipeline.copyIntoWithCancel(AbstractPipeline.java:498)
	at java.util.stream.AbstractPipeline.copyInto(AbstractPipeline.java:485)
	at java.util.stream.AbstractPipeline.wrapAndCopyInto(AbstractPipeline.java:471)
	at java.util.stream.FindOps$FindOp.evaluateSequential(FindOps.java:152)
	at java.util.stream.AbstractPipeline.evaluate(AbstractPipeline.java:234)
	at java.util.stream.ReferencePipeline.findFirst(ReferencePipeline.java:464)
	at org.openqa.selenium.remote.ProtocolHandshake.createSession(ProtocolHandshake.java:128)
	at org.openqa.selenium.remote.ProtocolHandshake.createSession(ProtocolHandshake.java:74)
	at org.openqa.selenium.remote.HttpCommandExecutor.execute(HttpCommandExecutor.java:136)
	at org.openqa.selenium.remote.service.DriverCommandExecutor.execute(DriverCommandExecutor.java:83)
	at org.openqa.selenium.remote.RemoteWebDriver.execute(RemoteWebDriver.java:552)
	at org.openqa.selenium.remote.RemoteWebDriver.startSession(RemoteWebDriver.java:213)
	at org.openqa.selenium.remote.RemoteWebDriver.&lt;init&gt;(RemoteWebDriver.java:131)
	at org.openqa.selenium.chrome.ChromeDriver.&lt;init&gt;(ChromeDriver.java:181)
	at org.openqa.selenium.chrome.ChromeDriver.&lt;init&gt;(ChromeDriver.java:168)
	at org.openqa.selenium.chrome.ChromeDriver.&lt;init&gt;(ChromeDriver.java:123)
	at com.illinoislottery.base.TestBase.initialization(TestBase.java:39)
	at com.illinoislottery.testcases.HomePageTest.setUp(HomePageTest.java:24)
... Removed 41 stack frames</div></td></tr></table><p class="totop"><a href="#summary">back to summary</a></p><h3 id="m11">com.illinoislottery.testcases.HomePageTest#verifyLDLbtnClick</h3><table class="result"><tr><th>Exception</th></tr><tr><td><div class="stacktrace">org.openqa.selenium.SessionNotCreatedException: session not created
from timeout: Timed out receiving message from renderer: 600.000
  (Session info: chrome=87.0.4280.88)
Build info: version: &apos;3.141.59&apos;, revision: &apos;e82be7d358&apos;, time: &apos;2018-11-14T08:17:03&apos;
System info: host: &apos;DESKTOP-T00D909&apos;, ip: &apos;192.168.106.1&apos;, os.name: &apos;Windows 10&apos;, os.arch: &apos;amd64&apos;, os.version: &apos;10.0&apos;, java.version: &apos;1.8.0_121&apos;
Driver info: driver.version: ChromeDriver
remote stacktrace: Backtrace:
	Ordinal0 [0x0127C0C3+3326147]
	Ordinal0 [0x01160851+2164817]
	Ordinal0 [0x00FE7298+619160]
	Ordinal0 [0x00FDB17F+569727]
	Ordinal0 [0x00FDA421+566305]
	Ordinal0 [0x00FDA815+567317]
	Ordinal0 [0x00FDA135+565557]
	Ordinal0 [0x00FE38B1+604337]
	Ordinal0 [0x00FDA0F1+565489]
	Ordinal0 [0x00FDAEA2+568994]
	Ordinal0 [0x00FDA421+566305]
	Ordinal0 [0x00FDA815+567317]
	Ordinal0 [0x00FDA135+565557]
	Ordinal0 [0x00FE1D2C+597292]
	Ordinal0 [0x00FDA0F1+565489]
	Ordinal0 [0x00FDAEA2+568994]
	Ordinal0 [0x00FDA421+566305]
	Ordinal0 [0x00FDA815+567317]
	Ordinal0 [0x00FDA135+565557]
	Ordinal0 [0x00FDFE62+589410]
	Ordinal0 [0x00FDA0F1+565489]
	Ordinal0 [0x00FDAEA2+568994]
	Ordinal0 [0x00FDA421+566305]
	Ordinal0 [0x00FDA815+567317]
	Ordinal0 [0x00FDA135+565557]
	Ordinal0 [0x00FDF075+585845]
	Ordinal0 [0x00FDA0F1+565489]
	Ordinal0 [0x00FDAEA2+568994]
	Ordinal0 [0x00FDA421+566305]
	Ordinal0 [0x00FDA815+567317]
	Ordinal0 [0x00FDA135+565557]
	Ordinal0 [0x00FD6776+550774]
	Ordinal0 [0x00FDA0F1+565489]
	Ordinal0 [0x00FD9F13+565011]
	Ordinal0 [0x00FD9D07+564487]
	Ordinal0 [0x00FE82C0+623296]
	Ordinal0 [0x00F86BDD+224221]
	Ordinal0 [0x00F85CAC+220332]
	Ordinal0 [0x00F8189B+202907]
	Ordinal0 [0x00F63DF4+81396]
	Ordinal0 [0x00F64DEE+85486]
	Ordinal0 [0x00F64D79+85369]
	Ordinal0 [0x011785DC+2262492]
	GetHandleVerifier [0x01402874+1487204]
	GetHandleVerifier [0x014023CD+1486013]
	GetHandleVerifier [0x0140A368+1518680]
	GetHandleVerifier [0x01402F4E+1488958]
	Ordinal0 [0x0116ED0D+2223373]
	Ordinal0 [0x0117A12B+2269483]
	Ordinal0 [0x0117A26F+2269807]
	Ordinal0 [0x0118ECB8+2354360]
	BaseThreadInitThunk [0x77296359+25]
	RtlGetAppContainerNamedObjectPath [0x773F8944+228]
	RtlGetAppContainerNamedObjectPath [0x773F8914+180]

	at org.openqa.selenium.remote.W3CHandshakeResponse.lambda$errorHandler$0(W3CHandshakeResponse.java:62)
	at org.openqa.selenium.remote.HandshakeResponse.lambda$getResponseFunction$0(HandshakeResponse.java:30)
	at org.openqa.selenium.remote.ProtocolHandshake.lambda$createSession$0(ProtocolHandshake.java:126)
	at java.util.stream.ReferencePipeline$3$1.accept(ReferencePipeline.java:193)
	at java.util.Spliterators$ArraySpliterator.tryAdvance(Spliterators.java:958)
	at java.util.stream.ReferencePipeline.forEachWithCancel(ReferencePipeline.java:126)
	at java.util.stream.AbstractPipeline.copyIntoWithCancel(AbstractPipeline.java:498)
	at java.util.stream.AbstractPipeline.copyInto(AbstractPipeline.java:485)
	at java.util.stream.AbstractPipeline.wrapAndCopyInto(AbstractPipeline.java:471)
	at java.util.stream.FindOps$FindOp.evaluateSequential(FindOps.java:152)
	at java.util.stream.AbstractPipeline.evaluate(AbstractPipeline.java:234)
	at java.util.stream.ReferencePipeline.findFirst(ReferencePipeline.java:464)
	at org.openqa.selenium.remote.ProtocolHandshake.createSession(ProtocolHandshake.java:128)
	at org.openqa.selenium.remote.ProtocolHandshake.createSession(ProtocolHandshake.java:74)
	at org.openqa.selenium.remote.HttpCommandExecutor.execute(HttpCommandExecutor.java:136)
	at org.openqa.selenium.remote.service.DriverCommandExecutor.execute(DriverCommandExecutor.java:83)
	at org.openqa.selenium.remote.RemoteWebDriver.execute(RemoteWebDriver.java:552)
	at org.openqa.selenium.remote.RemoteWebDriver.startSession(RemoteWebDriver.java:213)
	at org.openqa.selenium.remote.RemoteWebDriver.&lt;init&gt;(RemoteWebDriver.java:131)
	at org.openqa.selenium.chrome.ChromeDriver.&lt;init&gt;(ChromeDriver.java:181)
	at org.openqa.selenium.chrome.ChromeDriver.&lt;init&gt;(ChromeDriver.java:168)
	at org.openqa.selenium.chrome.ChromeDriver.&lt;init&gt;(ChromeDriver.java:123)
	at com.illinoislottery.base.TestBase.initialization(TestBase.java:39)
	at com.illinoislottery.testcases.HomePageTest.setUp(HomePageTest.java:24)
... Removed 41 stack frames</div></td></tr></table><p class="totop"><a href="#summary">back to summary</a></p><h3 id="m12">com.illinoislottery.testcases.HomePageTest#veryfyPromotionsLinkClick</h3><table class="result"><tr><th>Exception</th></tr><tr><td><div class="stacktrace">org.openqa.selenium.SessionNotCreatedException: session not created
from timeout: Timed out receiving message from renderer: 600.000
  (Session info: chrome=87.0.4280.88)
Build info: version: &apos;3.141.59&apos;, revision: &apos;e82be7d358&apos;, time: &apos;2018-11-14T08:17:03&apos;
System info: host: &apos;DESKTOP-T00D909&apos;, ip: &apos;192.168.106.1&apos;, os.name: &apos;Windows 10&apos;, os.arch: &apos;amd64&apos;, os.version: &apos;10.0&apos;, java.version: &apos;1.8.0_121&apos;
Driver info: driver.version: ChromeDriver
remote stacktrace: Backtrace:
	Ordinal0 [0x0127C0C3+3326147]
	Ordinal0 [0x01160851+2164817]
	Ordinal0 [0x00FE7298+619160]
	Ordinal0 [0x00FDB17F+569727]
	Ordinal0 [0x00FDA421+566305]
	Ordinal0 [0x00FDA815+567317]
	Ordinal0 [0x00FDA135+565557]
	Ordinal0 [0x00FE38B1+604337]
	Ordinal0 [0x00FDA0F1+565489]
	Ordinal0 [0x00FDAEA2+568994]
	Ordinal0 [0x00FDA421+566305]
	Ordinal0 [0x00FDA815+567317]
	Ordinal0 [0x00FDA135+565557]
	Ordinal0 [0x00FE1D2C+597292]
	Ordinal0 [0x00FDA0F1+565489]
	Ordinal0 [0x00FDAEA2+568994]
	Ordinal0 [0x00FDA421+566305]
	Ordinal0 [0x00FDA815+567317]
	Ordinal0 [0x00FDA135+565557]
	Ordinal0 [0x00FDFE62+589410]
	Ordinal0 [0x00FDA0F1+565489]
	Ordinal0 [0x00FDAEA2+568994]
	Ordinal0 [0x00FDA421+566305]
	Ordinal0 [0x00FDA815+567317]
	Ordinal0 [0x00FDA135+565557]
	Ordinal0 [0x00FDF075+585845]
	Ordinal0 [0x00FDA0F1+565489]
	Ordinal0 [0x00FDAEA2+568994]
	Ordinal0 [0x00FDA421+566305]
	Ordinal0 [0x00FDA815+567317]
	Ordinal0 [0x00FDA135+565557]
	Ordinal0 [0x00FD6776+550774]
	Ordinal0 [0x00FDA0F1+565489]
	Ordinal0 [0x00FD9F13+565011]
	Ordinal0 [0x00FD9D07+564487]
	Ordinal0 [0x00FE82C0+623296]
	Ordinal0 [0x00F86BDD+224221]
	Ordinal0 [0x00F85CAC+220332]
	Ordinal0 [0x00F8189B+202907]
	Ordinal0 [0x00F63DF4+81396]
	Ordinal0 [0x00F64DEE+85486]
	Ordinal0 [0x00F64D79+85369]
	Ordinal0 [0x011785DC+2262492]
	GetHandleVerifier [0x01402874+1487204]
	GetHandleVerifier [0x014023CD+1486013]
	GetHandleVerifier [0x0140A368+1518680]
	GetHandleVerifier [0x01402F4E+1488958]
	Ordinal0 [0x0116ED0D+2223373]
	Ordinal0 [0x0117A12B+2269483]
	Ordinal0 [0x0117A26F+2269807]
	Ordinal0 [0x0118ECB8+2354360]
	BaseThreadInitThunk [0x77296359+25]
	RtlGetAppContainerNamedObjectPath [0x773F8944+228]
	RtlGetAppContainerNamedObjectPath [0x773F8914+180]

	at org.openqa.selenium.remote.W3CHandshakeResponse.lambda$errorHandler$0(W3CHandshakeResponse.java:62)
	at org.openqa.selenium.remote.HandshakeResponse.lambda$getResponseFunction$0(HandshakeResponse.java:30)
	at org.openqa.selenium.remote.ProtocolHandshake.lambda$createSession$0(ProtocolHandshake.java:126)
	at java.util.stream.ReferencePipeline$3$1.accept(ReferencePipeline.java:193)
	at java.util.Spliterators$ArraySpliterator.tryAdvance(Spliterators.java:958)
	at java.util.stream.ReferencePipeline.forEachWithCancel(ReferencePipeline.java:126)
	at java.util.stream.AbstractPipeline.copyIntoWithCancel(AbstractPipeline.java:498)
	at java.util.stream.AbstractPipeline.copyInto(AbstractPipeline.java:485)
	at java.util.stream.AbstractPipeline.wrapAndCopyInto(AbstractPipeline.java:471)
	at java.util.stream.FindOps$FindOp.evaluateSequential(FindOps.java:152)
	at java.util.stream.AbstractPipeline.evaluate(AbstractPipeline.java:234)
	at java.util.stream.ReferencePipeline.findFirst(ReferencePipeline.java:464)
	at org.openqa.selenium.remote.ProtocolHandshake.createSession(ProtocolHandshake.java:128)
	at org.openqa.selenium.remote.ProtocolHandshake.createSession(ProtocolHandshake.java:74)
	at org.openqa.selenium.remote.HttpCommandExecutor.execute(HttpCommandExecutor.java:136)
	at org.openqa.selenium.remote.service.DriverCommandExecutor.execute(DriverCommandExecutor.java:83)
	at org.openqa.selenium.remote.RemoteWebDriver.execute(RemoteWebDriver.java:552)
	at org.openqa.selenium.remote.RemoteWebDriver.startSession(RemoteWebDriver.java:213)
	at org.openqa.selenium.remote.RemoteWebDriver.&lt;init&gt;(RemoteWebDriver.java:131)
	at org.openqa.selenium.chrome.ChromeDriver.&lt;init&gt;(ChromeDriver.java:181)
	at org.openqa.selenium.chrome.ChromeDriver.&lt;init&gt;(ChromeDriver.java:168)
	at org.openqa.selenium.chrome.ChromeDriver.&lt;init&gt;(ChromeDriver.java:123)
	at com.illinoislottery.base.TestBase.initialization(TestBase.java:39)
	at com.illinoislottery.testcases.HomePageTest.setUp(HomePageTest.java:24)
... Removed 41 stack frames</div></td></tr></table><p class="totop"><a href="#summary">back to summary</a></p><h3 id="m13">com.illinoislottery.testcases.MainPageTest#mainPageTitleTest</h3><table class="result"><tr><th>Exception</th></tr><tr><td><div class="stacktrace">org.openqa.selenium.SessionNotCreatedException: session not created
from timeout: Timed out receiving message from renderer: 600.000
  (Session info: chrome=87.0.4280.88)
Build info: version: &apos;3.141.59&apos;, revision: &apos;e82be7d358&apos;, time: &apos;2018-11-14T08:17:03&apos;
System info: host: &apos;DESKTOP-T00D909&apos;, ip: &apos;192.168.106.1&apos;, os.name: &apos;Windows 10&apos;, os.arch: &apos;amd64&apos;, os.version: &apos;10.0&apos;, java.version: &apos;1.8.0_121&apos;
Driver info: driver.version: ChromeDriver
remote stacktrace: Backtrace:
	Ordinal0 [0x0127C0C3+3326147]
	Ordinal0 [0x01160851+2164817]
	Ordinal0 [0x00FE7298+619160]
	Ordinal0 [0x00FDB17F+569727]
	Ordinal0 [0x00FDA421+566305]
	Ordinal0 [0x00FDA815+567317]
	Ordinal0 [0x00FDA135+565557]
	Ordinal0 [0x00FE38B1+604337]
	Ordinal0 [0x00FDA0F1+565489]
	Ordinal0 [0x00FDAEA2+568994]
	Ordinal0 [0x00FDA421+566305]
	Ordinal0 [0x00FDA815+567317]
	Ordinal0 [0x00FDA135+565557]
	Ordinal0 [0x00FE1D2C+597292]
	Ordinal0 [0x00FDA0F1+565489]
	Ordinal0 [0x00FDAEA2+568994]
	Ordinal0 [0x00FDA421+566305]
	Ordinal0 [0x00FDA815+567317]
	Ordinal0 [0x00FDA135+565557]
	Ordinal0 [0x00FDFE62+589410]
	Ordinal0 [0x00FDA0F1+565489]
	Ordinal0 [0x00FDAEA2+568994]
	Ordinal0 [0x00FDA421+566305]
	Ordinal0 [0x00FDA815+567317]
	Ordinal0 [0x00FDA135+565557]
	Ordinal0 [0x00FDF075+585845]
	Ordinal0 [0x00FDA0F1+565489]
	Ordinal0 [0x00FDAEA2+568994]
	Ordinal0 [0x00FDA421+566305]
	Ordinal0 [0x00FDA815+567317]
	Ordinal0 [0x00FDA135+565557]
	Ordinal0 [0x00FD6776+550774]
	Ordinal0 [0x00FDA0F1+565489]
	Ordinal0 [0x00FD9F13+565011]
	Ordinal0 [0x00FD9D07+564487]
	Ordinal0 [0x00FE82C0+623296]
	Ordinal0 [0x00F86BDD+224221]
	Ordinal0 [0x00F85CAC+220332]
	Ordinal0 [0x00F8189B+202907]
	Ordinal0 [0x00F63DF4+81396]
	Ordinal0 [0x00F64DEE+85486]
	Ordinal0 [0x00F64D79+85369]
	Ordinal0 [0x011785DC+2262492]
	GetHandleVerifier [0x01402874+1487204]
	GetHandleVerifier [0x014023CD+1486013]
	GetHandleVerifier [0x0140A368+1518680]
	GetHandleVerifier [0x01402F4E+1488958]
	Ordinal0 [0x0116ED0D+2223373]
	Ordinal0 [0x0117A12B+2269483]
	Ordinal0 [0x0117A26F+2269807]
	Ordinal0 [0x0118ECB8+2354360]
	BaseThreadInitThunk [0x77296359+25]
	RtlGetAppContainerNamedObjectPath [0x773F8944+228]
	RtlGetAppContainerNamedObjectPath [0x773F8914+180]

	at org.openqa.selenium.remote.W3CHandshakeResponse.lambda$errorHandler$0(W3CHandshakeResponse.java:62)
	at org.openqa.selenium.remote.HandshakeResponse.lambda$getResponseFunction$0(HandshakeResponse.java:30)
	at org.openqa.selenium.remote.ProtocolHandshake.lambda$createSession$0(ProtocolHandshake.java:126)
	at java.util.stream.ReferencePipeline$3$1.accept(ReferencePipeline.java:193)
	at java.util.Spliterators$ArraySpliterator.tryAdvance(Spliterators.java:958)
	at java.util.stream.ReferencePipeline.forEachWithCancel(ReferencePipeline.java:126)
	at java.util.stream.AbstractPipeline.copyIntoWithCancel(AbstractPipeline.java:498)
	at java.util.stream.AbstractPipeline.copyInto(AbstractPipeline.java:485)
	at java.util.stream.AbstractPipeline.wrapAndCopyInto(AbstractPipeline.java:471)
	at java.util.stream.FindOps$FindOp.evaluateSequential(FindOps.java:152)
	at java.util.stream.AbstractPipeline.evaluate(AbstractPipeline.java:234)
	at java.util.stream.ReferencePipeline.findFirst(ReferencePipeline.java:464)
	at org.openqa.selenium.remote.ProtocolHandshake.createSession(ProtocolHandshake.java:128)
	at org.openqa.selenium.remote.ProtocolHandshake.createSession(ProtocolHandshake.java:74)
	at org.openqa.selenium.remote.HttpCommandExecutor.execute(HttpCommandExecutor.java:136)
	at org.openqa.selenium.remote.service.DriverCommandExecutor.execute(DriverCommandExecutor.java:83)
	at org.openqa.selenium.remote.RemoteWebDriver.execute(RemoteWebDriver.java:552)
	at org.openqa.selenium.remote.RemoteWebDriver.startSession(RemoteWebDriver.java:213)
	at org.openqa.selenium.remote.RemoteWebDriver.&lt;init&gt;(RemoteWebDriver.java:131)
	at org.openqa.selenium.chrome.ChromeDriver.&lt;init&gt;(ChromeDriver.java:181)
	at org.openqa.selenium.chrome.ChromeDriver.&lt;init&gt;(ChromeDriver.java:168)
	at org.openqa.selenium.chrome.ChromeDriver.&lt;init&gt;(ChromeDriver.java:123)
	at com.illinoislottery.base.TestBase.initialization(TestBase.java:39)
	at com.illinoislottery.testcases.MainPageTest.setUp(MainPageTest.java:21)
... Removed 41 stack frames</div></td></tr></table><p class="totop"><a href="#summary">back to summary</a></p><h3 id="m14">com.illinoislottery.testcases.MainPageTest#verifyLoginLink</h3><table class="result"><tr><th>Exception</th></tr><tr><td><div class="stacktrace">org.openqa.selenium.SessionNotCreatedException: session not created
from timeout: Timed out receiving message from renderer: 600.000
  (Session info: chrome=87.0.4280.88)
Build info: version: &apos;3.141.59&apos;, revision: &apos;e82be7d358&apos;, time: &apos;2018-11-14T08:17:03&apos;
System info: host: &apos;DESKTOP-T00D909&apos;, ip: &apos;192.168.106.1&apos;, os.name: &apos;Windows 10&apos;, os.arch: &apos;amd64&apos;, os.version: &apos;10.0&apos;, java.version: &apos;1.8.0_121&apos;
Driver info: driver.version: ChromeDriver
remote stacktrace: Backtrace:
	Ordinal0 [0x0127C0C3+3326147]
	Ordinal0 [0x01160851+2164817]
	Ordinal0 [0x00FE7298+619160]
	Ordinal0 [0x00FDB17F+569727]
	Ordinal0 [0x00FDA421+566305]
	Ordinal0 [0x00FDA815+567317]
	Ordinal0 [0x00FDA135+565557]
	Ordinal0 [0x00FE38B1+604337]
	Ordinal0 [0x00FDA0F1+565489]
	Ordinal0 [0x00FDAEA2+568994]
	Ordinal0 [0x00FDA421+566305]
	Ordinal0 [0x00FDA815+567317]
	Ordinal0 [0x00FDA135+565557]
	Ordinal0 [0x00FE1D2C+597292]
	Ordinal0 [0x00FDA0F1+565489]
	Ordinal0 [0x00FDAEA2+568994]
	Ordinal0 [0x00FDA421+566305]
	Ordinal0 [0x00FDA815+567317]
	Ordinal0 [0x00FDA135+565557]
	Ordinal0 [0x00FDFE62+589410]
	Ordinal0 [0x00FDA0F1+565489]
	Ordinal0 [0x00FDAEA2+568994]
	Ordinal0 [0x00FDA421+566305]
	Ordinal0 [0x00FDA815+567317]
	Ordinal0 [0x00FDA135+565557]
	Ordinal0 [0x00FDF075+585845]
	Ordinal0 [0x00FDA0F1+565489]
	Ordinal0 [0x00FDAEA2+568994]
	Ordinal0 [0x00FDA421+566305]
	Ordinal0 [0x00FDA815+567317]
	Ordinal0 [0x00FDA135+565557]
	Ordinal0 [0x00FD6776+550774]
	Ordinal0 [0x00FDA0F1+565489]
	Ordinal0 [0x00FD9F13+565011]
	Ordinal0 [0x00FD9D07+564487]
	Ordinal0 [0x00FE82C0+623296]
	Ordinal0 [0x00F86BDD+224221]
	Ordinal0 [0x00F85CAC+220332]
	Ordinal0 [0x00F8189B+202907]
	Ordinal0 [0x00F63DF4+81396]
	Ordinal0 [0x00F64DEE+85486]
	Ordinal0 [0x00F64D79+85369]
	Ordinal0 [0x011785DC+2262492]
	GetHandleVerifier [0x01402874+1487204]
	GetHandleVerifier [0x014023CD+1486013]
	GetHandleVerifier [0x0140A368+1518680]
	GetHandleVerifier [0x01402F4E+1488958]
	Ordinal0 [0x0116ED0D+2223373]
	Ordinal0 [0x0117A12B+2269483]
	Ordinal0 [0x0117A26F+2269807]
	Ordinal0 [0x0118ECB8+2354360]
	BaseThreadInitThunk [0x77296359+25]
	RtlGetAppContainerNamedObjectPath [0x773F8944+228]
	RtlGetAppContainerNamedObjectPath [0x773F8914+180]

	at org.openqa.selenium.remote.W3CHandshakeResponse.lambda$errorHandler$0(W3CHandshakeResponse.java:62)
	at org.openqa.selenium.remote.HandshakeResponse.lambda$getResponseFunction$0(HandshakeResponse.java:30)
	at org.openqa.selenium.remote.ProtocolHandshake.lambda$createSession$0(ProtocolHandshake.java:126)
	at java.util.stream.ReferencePipeline$3$1.accept(ReferencePipeline.java:193)
	at java.util.Spliterators$ArraySpliterator.tryAdvance(Spliterators.java:958)
	at java.util.stream.ReferencePipeline.forEachWithCancel(ReferencePipeline.java:126)
	at java.util.stream.AbstractPipeline.copyIntoWithCancel(AbstractPipeline.java:498)
	at java.util.stream.AbstractPipeline.copyInto(AbstractPipeline.java:485)
	at java.util.stream.AbstractPipeline.wrapAndCopyInto(AbstractPipeline.java:471)
	at java.util.stream.FindOps$FindOp.evaluateSequential(FindOps.java:152)
	at java.util.stream.AbstractPipeline.evaluate(AbstractPipeline.java:234)
	at java.util.stream.ReferencePipeline.findFirst(ReferencePipeline.java:464)
	at org.openqa.selenium.remote.ProtocolHandshake.createSession(ProtocolHandshake.java:128)
	at org.openqa.selenium.remote.ProtocolHandshake.createSession(ProtocolHandshake.java:74)
	at org.openqa.selenium.remote.HttpCommandExecutor.execute(HttpCommandExecutor.java:136)
	at org.openqa.selenium.remote.service.DriverCommandExecutor.execute(DriverCommandExecutor.java:83)
	at org.openqa.selenium.remote.RemoteWebDriver.execute(RemoteWebDriver.java:552)
	at org.openqa.selenium.remote.RemoteWebDriver.startSession(RemoteWebDriver.java:213)
	at org.openqa.selenium.remote.RemoteWebDriver.&lt;init&gt;(RemoteWebDriver.java:131)
	at org.openqa.selenium.chrome.ChromeDriver.&lt;init&gt;(ChromeDriver.java:181)
	at org.openqa.selenium.chrome.ChromeDriver.&lt;init&gt;(ChromeDriver.java:168)
	at org.openqa.selenium.chrome.ChromeDriver.&lt;init&gt;(ChromeDriver.java:123)
	at com.illinoislottery.base.TestBase.initialization(TestBase.java:39)
	at com.illinoislottery.testcases.MainPageTest.setUp(MainPageTest.java:21)
... Removed 41 stack frames</div></td></tr></table><p class="totop"><a href="#summary">back to summary</a></p><h3 id="m15">com.illinoislottery.testcases.MainPageTest#mainPageLogoTest</h3><table class="result"></table><p class="totop"><a href="#summary">back to summary</a></p></body></html>