<!DOCTYPE html>

<html>
  <head>
  <meta charset='utf-8'>
  <title>TestNG reports</title>

    <link type="text/css" href="testng-reports.css" rel="stylesheet" />
    <script type="text/javascript" src="jquery-1.7.1.min.js"></script>
    <script type="text/javascript" src="testng-reports.js"></script>
    <script type="text/javascript" src="https://www.google.com/jsapi"></script>
    <script type='text/javascript'>
      google.load('visualization', '1', {packages:['table']});
      google.setOnLoadCallback(drawTable);
      var suiteTableInitFunctions = new Array();
      var suiteTableData = new Array();
    </script>
    <!--
      <script type="text/javascript" src="jquery-ui/js/jquery-ui-1.8.16.custom.min.js"></script>
     -->
  </head>

  <body>
    <div class="top-banner-root">
      <span class="top-banner-title-font">Test results</span>
      <br/>
      <span class="top-banner-font-1">1 suite, 1 failed test</span>
    </div> <!-- top-banner-root -->
    <div class="navigator-root">
      <div class="navigator-suite-header">
        <span>All suites</span>
        <a href="#" class="collapse-all-link" title="Collapse/expand all the suites">
          <img class="collapse-all-icon" src="collapseall.gif">
          </img> <!-- collapse-all-icon -->
        </a> <!-- collapse-all-link -->
      </div> <!-- navigator-suite-header -->
      <div class="suite">
        <div class="rounded-window">
          <div class="suite-header light-rounded-window-top">
            <a href="#" class="navigator-link" panel-name="suite-Command_line_suite">
              <span class="suite-name border-failed">Command line suite</span>
            </a> <!-- navigator-link -->
          </div> <!-- suite-header light-rounded-window-top -->
          <div class="navigator-suite-content">
            <div class="suite-section-title">
              <span>Info</span>
            </div> <!-- suite-section-title -->
            <div class="suite-section-content">
              <ul>
                <li>
                  <a href="#" class="navigator-link " panel-name="test-xml-Command_line_suite">
                    <span>[unset file name]</span>
                  </a> <!-- navigator-link  -->
                </li>
                <li>
                  <a href="#" class="navigator-link " panel-name="testlist-Command_line_suite">
                    <span class="test-stats">1 test</span>
                  </a> <!-- navigator-link  -->
                </li>
                <li>
                  <a href="#" class="navigator-link " panel-name="group-Command_line_suite">
                    <span>0 groups</span>
                  </a> <!-- navigator-link  -->
                </li>
                <li>
                  <a href="#" class="navigator-link " panel-name="times-Command_line_suite">
                    <span>Times</span>
                  </a> <!-- navigator-link  -->
                </li>
                <li>
                  <a href="#" class="navigator-link " panel-name="reporter-Command_line_suite">
                    <span>Reporter output</span>
                  </a> <!-- navigator-link  -->
                </li>
                <li>
                  <a href="#" class="navigator-link " panel-name="ignored-methods-Command_line_suite">
                    <span>Ignored methods</span>
                  </a> <!-- navigator-link  -->
                </li>
                <li>
                  <a href="#" class="navigator-link " panel-name="chronological-Command_line_suite">
                    <span>Chronological view</span>
                  </a> <!-- navigator-link  -->
                </li>
              </ul>
            </div> <!-- suite-section-content -->
            <div class="result-section">
              <div class="suite-section-title">
                <span>Results</span>
              </div> <!-- suite-section-title -->
              <div class="suite-section-content">
                <ul>
                  <li>
                    <span class="method-stats">9 methods, 1 failed,  7 skipped,  1 passed</span>
                  </li>
                  <li>
                    <span class="method-list-title failed">Failed methods</span>
                    <span class="show-or-hide-methods failed">
                      <a href="#" panel-name="suite-Command_line_suite" class="hide-methods failed suite-Command_line_suite"> (hide)</a> <!-- hide-methods failed suite-Command_line_suite -->
                      <a href="#" panel-name="suite-Command_line_suite" class="show-methods failed suite-Command_line_suite"> (show)</a> <!-- show-methods failed suite-Command_line_suite -->
                    </span>
                    <div class="method-list-content failed suite-Command_line_suite">
                      <span>
                        <img width="3%" src="failed.png"/>
                        <a href="#" class="method navigator-link" panel-name="suite-Command_line_suite" title="com.illinoislottery.testcases.LogInPageTest" hash-for-method="LogInTest">LogInTest</a> <!-- method navigator-link -->
                      </span>
                      <br/>
                    </div> <!-- method-list-content failed suite-Command_line_suite -->
                  </li>
                  <li>
                    <span class="method-list-title skipped">Skipped methods</span>
                    <span class="show-or-hide-methods skipped">
                      <a href="#" panel-name="suite-Command_line_suite" class="hide-methods skipped suite-Command_line_suite"> (hide)</a> <!-- hide-methods skipped suite-Command_line_suite -->
                      <a href="#" panel-name="suite-Command_line_suite" class="show-methods skipped suite-Command_line_suite"> (show)</a> <!-- show-methods skipped suite-Command_line_suite -->
                    </span>
                    <div class="method-list-content skipped suite-Command_line_suite">
                      <span>
                        <img width="3%" src="skipped.png"/>
                        <a href="#" class="method navigator-link" panel-name="suite-Command_line_suite" title="com.illinoislottery.testcases.MainPageTest" hash-for-method="mainPageTitleTest">mainPageTitleTest</a> <!-- method navigator-link -->
                      </span>
                      <br/>
                      <span>
                        <img width="3%" src="skipped.png"/>
                        <a href="#" class="method navigator-link" panel-name="suite-Command_line_suite" title="com.illinoislottery.testcases.HomePageTest" hash-for-method="verifyCorrectUserIsPresented">verifyCorrectUserIsPresented</a> <!-- method navigator-link -->
                      </span>
                      <br/>
                      <span>
                        <img width="3%" src="skipped.png"/>
                        <a href="#" class="method navigator-link" panel-name="suite-Command_line_suite" title="com.illinoislottery.testcases.HomePageTest" hash-for-method="verifyGamesBtnClick">verifyGamesBtnClick</a> <!-- method navigator-link -->
                      </span>
                      <br/>
                      <span>
                        <img width="3%" src="skipped.png"/>
                        <a href="#" class="method navigator-link" panel-name="suite-Command_line_suite" title="com.illinoislottery.testcases.HomePageTest" hash-for-method="verifyHomePageTitleTest">verifyHomePageTitleTest</a> <!-- method navigator-link -->
                      </span>
                      <br/>
                      <span>
                        <img width="3%" src="skipped.png"/>
                        <a href="#" class="method navigator-link" panel-name="suite-Command_line_suite" title="com.illinoislottery.testcases.HomePageTest" hash-for-method="verifyLDLbtnClick">verifyLDLbtnClick</a> <!-- method navigator-link -->
                      </span>
                      <br/>
                      <span>
                        <img width="3%" src="skipped.png"/>
                        <a href="#" class="method navigator-link" panel-name="suite-Command_line_suite" title="com.illinoislottery.testcases.MainPageTest" hash-for-method="verifyLoginLink">verifyLoginLink</a> <!-- method navigator-link -->
                      </span>
                      <br/>
                      <span>
                        <img width="3%" src="skipped.png"/>
                        <a href="#" class="method navigator-link" panel-name="suite-Command_line_suite" title="com.illinoislottery.testcases.HomePageTest" hash-for-method="veryfyPromotionsLinkClick">veryfyPromotionsLinkClick</a> <!-- method navigator-link -->
                      </span>
                      <br/>
                    </div> <!-- method-list-content skipped suite-Command_line_suite -->
                  </li>
                  <li>
                    <span class="method-list-title passed">Passed methods</span>
                    <span class="show-or-hide-methods passed">
                      <a href="#" panel-name="suite-Command_line_suite" class="hide-methods passed suite-Command_line_suite"> (hide)</a> <!-- hide-methods passed suite-Command_line_suite -->
                      <a href="#" panel-name="suite-Command_line_suite" class="show-methods passed suite-Command_line_suite"> (show)</a> <!-- show-methods passed suite-Command_line_suite -->
                    </span>
                    <div class="method-list-content passed suite-Command_line_suite">
                      <span>
                        <img width="3%" src="passed.png"/>
                        <a href="#" class="method navigator-link" panel-name="suite-Command_line_suite" title="com.illinoislottery.testcases.MainPageTest" hash-for-method="mainPageLogoTest">mainPageLogoTest</a> <!-- method navigator-link -->
                      </span>
                      <br/>
                    </div> <!-- method-list-content passed suite-Command_line_suite -->
                  </li>
                </ul>
              </div> <!-- suite-section-content -->
            </div> <!-- result-section -->
          </div> <!-- navigator-suite-content -->
        </div> <!-- rounded-window -->
      </div> <!-- suite -->
    </div> <!-- navigator-root -->
    <div class="wrapper">
      <div class="main-panel-root">
        <div panel-name="suite-Command_line_suite" class="panel Command_line_suite">
          <div class="suite-Command_line_suite-class-failed">
            <div class="main-panel-header rounded-window-top">
              <img src="failed.png"/>
              <span class="class-name">com.illinoislottery.testcases.LogInPageTest</span>
            </div> <!-- main-panel-header rounded-window-top -->
            <div class="main-panel-content rounded-window-bottom">
              <div class="method">
                <div class="method-content">
                  <a name="LogInTest">
                  </a> <!-- LogInTest -->
                  <span class="method-name">LogInTest</span>
                  <div class="stack-trace">org.openqa.selenium.StaleElementReferenceException: stale element reference: element is not attached to the page document
  (Session info: chrome=87.0.4280.88)
For documentation on this error, please visit: https://www.seleniumhq.org/exceptions/stale_element_reference.html
Build info: version: &apos;3.141.59&apos;, revision: &apos;e82be7d358&apos;, time: &apos;2018-11-14T08:17:03&apos;
System info: host: &apos;DESKTOP-T00D909&apos;, ip: &apos;192.168.106.1&apos;, os.name: &apos;Windows 10&apos;, os.arch: &apos;amd64&apos;, os.version: &apos;10.0&apos;, java.version: &apos;1.8.0_121&apos;
Driver info: org.openqa.selenium.chrome.ChromeDriver
Capabilities {acceptInsecureCerts: false, browserName: chrome, browserVersion: 87.0.4280.88, chrome: {chromedriverVersion: 87.0.4280.88 (89e2380a3e36c..., userDataDir: C:\WINDOWS\TEMP\scoped_dir9...}, goog:chromeOptions: {debuggerAddress: localhost:54131}, javascriptEnabled: true, networkConnectionEnabled: false, pageLoadStrategy: normal, platform: WINDOWS, platformName: WINDOWS, proxy: Proxy(), setWindowRect: true, strictFileInteractability: false, timeouts: {implicit: 0, pageLoad: 300000, script: 30000}, unhandledPromptBehavior: dismiss and notify, webauthn:virtualAuthenticators: true}
Session ID: 9088e2cdb3ea09cec6a9f5f7e5ec85f2
	at org.openqa.selenium.remote.http.W3CHttpResponseCodec.createException(W3CHttpResponseCodec.java:187)
	at org.openqa.selenium.remote.http.W3CHttpResponseCodec.decode(W3CHttpResponseCodec.java:122)
	at org.openqa.selenium.remote.http.W3CHttpResponseCodec.decode(W3CHttpResponseCodec.java:49)
	at org.openqa.selenium.remote.HttpCommandExecutor.execute(HttpCommandExecutor.java:158)
	at org.openqa.selenium.remote.service.DriverCommandExecutor.execute(DriverCommandExecutor.java:83)
	at org.openqa.selenium.remote.RemoteWebDriver.execute(RemoteWebDriver.java:552)
	at org.openqa.selenium.remote.RemoteWebElement.execute(RemoteWebElement.java:285)
	at org.openqa.selenium.remote.RemoteWebElement.sendKeys(RemoteWebElement.java:106)
	at org.openqa.selenium.support.events.EventFiringWebDriver$EventFiringWebElement.lambda$new$0(EventFiringWebDriver.java:404)
	at com.sun.proxy.$Proxy11.sendKeys(Unknown Source)
	at org.openqa.selenium.support.events.EventFiringWebDriver$EventFiringWebElement.sendKeys(EventFiringWebDriver.java:429)
	at org.openqa.selenium.support.pagefactory.internal.LocatingElementHandler.invoke(LocatingElementHandler.java:51)
	at com.sun.proxy.$Proxy10.sendKeys(Unknown Source)
	at com.illinoislottery.pages.LogInPage.HomePageLogin(LogInPage.java:35)
	at com.illinoislottery.testcases.LogInPageTest.LogInTest(LogInPageTest.java:31)
... Removed 47 stack frames
</div> <!-- stack-trace -->
                </div> <!-- method-content -->
              </div> <!-- method -->
            </div> <!-- main-panel-content rounded-window-bottom -->
          </div> <!-- suite-Command_line_suite-class-failed -->
          <div class="suite-Command_line_suite-class-skipped">
            <div class="main-panel-header rounded-window-top">
              <img src="skipped.png"/>
              <span class="class-name">com.illinoislottery.testcases.MainPageTest</span>
            </div> <!-- main-panel-header rounded-window-top -->
            <div class="main-panel-content rounded-window-bottom">
              <div class="method">
                <div class="method-content">
                  <a name="mainPageTitleTest">
                  </a> <!-- mainPageTitleTest -->
                  <span class="method-name">mainPageTitleTest</span>
                  <div class="stack-trace">org.openqa.selenium.SessionNotCreatedException: session not created
from timeout: Timed out receiving message from renderer: 600.000
  (Session info: chrome=87.0.4280.88)
Build info: version: &apos;3.141.59&apos;, revision: &apos;e82be7d358&apos;, time: &apos;2018-11-14T08:17:03&apos;
System info: host: &apos;DESKTOP-T00D909&apos;, ip: &apos;192.168.106.1&apos;, os.name: &apos;Windows 10&apos;, os.arch: &apos;amd64&apos;, os.version: &apos;10.0&apos;, java.version: &apos;1.8.0_121&apos;
Driver info: driver.version: ChromeDriver
remote stacktrace: Backtrace:
	Ordinal0 [0x0127C0C3+3326147]
	Ordinal0 [0x01160851+2164817]
	Ordinal0 [0x00FE7298+619160]
	Ordinal0 [0x00FDB17F+569727]
	Ordinal0 [0x00FDA421+566305]
	Ordinal0 [0x00FDA815+567317]
	Ordinal0 [0x00FDA135+565557]
	Ordinal0 [0x00FE38B1+604337]
	Ordinal0 [0x00FDA0F1+565489]
	Ordinal0 [0x00FDAEA2+568994]
	Ordinal0 [0x00FDA421+566305]
	Ordinal0 [0x00FDA815+567317]
	Ordinal0 [0x00FDA135+565557]
	Ordinal0 [0x00FE1D2C+597292]
	Ordinal0 [0x00FDA0F1+565489]
	Ordinal0 [0x00FDAEA2+568994]
	Ordinal0 [0x00FDA421+566305]
	Ordinal0 [0x00FDA815+567317]
	Ordinal0 [0x00FDA135+565557]
	Ordinal0 [0x00FDFE62+589410]
	Ordinal0 [0x00FDA0F1+565489]
	Ordinal0 [0x00FDAEA2+568994]
	Ordinal0 [0x00FDA421+566305]
	Ordinal0 [0x00FDA815+567317]
	Ordinal0 [0x00FDA135+565557]
	Ordinal0 [0x00FDF075+585845]
	Ordinal0 [0x00FDA0F1+565489]
	Ordinal0 [0x00FDAEA2+568994]
	Ordinal0 [0x00FDA421+566305]
	Ordinal0 [0x00FDA815+567317]
	Ordinal0 [0x00FDA135+565557]
	Ordinal0 [0x00FD6776+550774]
	Ordinal0 [0x00FDA0F1+565489]
	Ordinal0 [0x00FD9F13+565011]
	Ordinal0 [0x00FD9D07+564487]
	Ordinal0 [0x00FE82C0+623296]
	Ordinal0 [0x00F86BDD+224221]
	Ordinal0 [0x00F85CAC+220332]
	Ordinal0 [0x00F8189B+202907]
	Ordinal0 [0x00F63DF4+81396]
	Ordinal0 [0x00F64DEE+85486]
	Ordinal0 [0x00F64D79+85369]
	Ordinal0 [0x011785DC+2262492]
	GetHandleVerifier [0x01402874+1487204]
	GetHandleVerifier [0x014023CD+1486013]
	GetHandleVerifier [0x0140A368+1518680]
	GetHandleVerifier [0x01402F4E+1488958]
	Ordinal0 [0x0116ED0D+2223373]
	Ordinal0 [0x0117A12B+2269483]
	Ordinal0 [0x0117A26F+2269807]
	Ordinal0 [0x0118ECB8+2354360]
	BaseThreadInitThunk [0x77296359+25]
	RtlGetAppContainerNamedObjectPath [0x773F8944+228]
	RtlGetAppContainerNamedObjectPath [0x773F8914+180]

	at org.openqa.selenium.remote.W3CHandshakeResponse.lambda$errorHandler$0(W3CHandshakeResponse.java:62)
	at org.openqa.selenium.remote.HandshakeResponse.lambda$getResponseFunction$0(HandshakeResponse.java:30)
	at org.openqa.selenium.remote.ProtocolHandshake.lambda$createSession$0(ProtocolHandshake.java:126)
	at java.util.stream.ReferencePipeline$3$1.accept(ReferencePipeline.java:193)
	at java.util.Spliterators$ArraySpliterator.tryAdvance(Spliterators.java:958)
	at java.util.stream.ReferencePipeline.forEachWithCancel(ReferencePipeline.java:126)
	at java.util.stream.AbstractPipeline.copyIntoWithCancel(AbstractPipeline.java:498)
	at java.util.stream.AbstractPipeline.copyInto(AbstractPipeline.java:485)
	at java.util.stream.AbstractPipeline.wrapAndCopyInto(AbstractPipeline.java:471)
	at java.util.stream.FindOps$FindOp.evaluateSequential(FindOps.java:152)
	at java.util.stream.AbstractPipeline.evaluate(AbstractPipeline.java:234)
	at java.util.stream.ReferencePipeline.findFirst(ReferencePipeline.java:464)
	at org.openqa.selenium.remote.ProtocolHandshake.createSession(ProtocolHandshake.java:128)
	at org.openqa.selenium.remote.ProtocolHandshake.createSession(ProtocolHandshake.java:74)
	at org.openqa.selenium.remote.HttpCommandExecutor.execute(HttpCommandExecutor.java:136)
	at org.openqa.selenium.remote.service.DriverCommandExecutor.execute(DriverCommandExecutor.java:83)
	at org.openqa.selenium.remote.RemoteWebDriver.execute(RemoteWebDriver.java:552)
	at org.openqa.selenium.remote.RemoteWebDriver.startSession(RemoteWebDriver.java:213)
	at org.openqa.selenium.remote.RemoteWebDriver.&lt;init&gt;(RemoteWebDriver.java:131)
	at org.openqa.selenium.chrome.ChromeDriver.&lt;init&gt;(ChromeDriver.java:181)
	at org.openqa.selenium.chrome.ChromeDriver.&lt;init&gt;(ChromeDriver.java:168)
	at org.openqa.selenium.chrome.ChromeDriver.&lt;init&gt;(ChromeDriver.java:123)
	at com.illinoislottery.base.TestBase.initialization(TestBase.java:39)
	at com.illinoislottery.testcases.MainPageTest.setUp(MainPageTest.java:21)
... Removed 41 stack frames
</div> <!-- stack-trace -->
                </div> <!-- method-content -->
              </div> <!-- method -->
              <div class="method">
                <div class="method-content">
                  <a name="verifyLoginLink">
                  </a> <!-- verifyLoginLink -->
                  <span class="method-name">verifyLoginLink</span>
                  <div class="stack-trace">org.openqa.selenium.SessionNotCreatedException: session not created
from timeout: Timed out receiving message from renderer: 600.000
  (Session info: chrome=87.0.4280.88)
Build info: version: &apos;3.141.59&apos;, revision: &apos;e82be7d358&apos;, time: &apos;2018-11-14T08:17:03&apos;
System info: host: &apos;DESKTOP-T00D909&apos;, ip: &apos;192.168.106.1&apos;, os.name: &apos;Windows 10&apos;, os.arch: &apos;amd64&apos;, os.version: &apos;10.0&apos;, java.version: &apos;1.8.0_121&apos;
Driver info: driver.version: ChromeDriver
remote stacktrace: Backtrace:
	Ordinal0 [0x0127C0C3+3326147]
	Ordinal0 [0x01160851+2164817]
	Ordinal0 [0x00FE7298+619160]
	Ordinal0 [0x00FDB17F+569727]
	Ordinal0 [0x00FDA421+566305]
	Ordinal0 [0x00FDA815+567317]
	Ordinal0 [0x00FDA135+565557]
	Ordinal0 [0x00FE38B1+604337]
	Ordinal0 [0x00FDA0F1+565489]
	Ordinal0 [0x00FDAEA2+568994]
	Ordinal0 [0x00FDA421+566305]
	Ordinal0 [0x00FDA815+567317]
	Ordinal0 [0x00FDA135+565557]
	Ordinal0 [0x00FE1D2C+597292]
	Ordinal0 [0x00FDA0F1+565489]
	Ordinal0 [0x00FDAEA2+568994]
	Ordinal0 [0x00FDA421+566305]
	Ordinal0 [0x00FDA815+567317]
	Ordinal0 [0x00FDA135+565557]
	Ordinal0 [0x00FDFE62+589410]
	Ordinal0 [0x00FDA0F1+565489]
	Ordinal0 [0x00FDAEA2+568994]
	Ordinal0 [0x00FDA421+566305]
	Ordinal0 [0x00FDA815+567317]
	Ordinal0 [0x00FDA135+565557]
	Ordinal0 [0x00FDF075+585845]
	Ordinal0 [0x00FDA0F1+565489]
	Ordinal0 [0x00FDAEA2+568994]
	Ordinal0 [0x00FDA421+566305]
	Ordinal0 [0x00FDA815+567317]
	Ordinal0 [0x00FDA135+565557]
	Ordinal0 [0x00FD6776+550774]
	Ordinal0 [0x00FDA0F1+565489]
	Ordinal0 [0x00FD9F13+565011]
	Ordinal0 [0x00FD9D07+564487]
	Ordinal0 [0x00FE82C0+623296]
	Ordinal0 [0x00F86BDD+224221]
	Ordinal0 [0x00F85CAC+220332]
	Ordinal0 [0x00F8189B+202907]
	Ordinal0 [0x00F63DF4+81396]
	Ordinal0 [0x00F64DEE+85486]
	Ordinal0 [0x00F64D79+85369]
	Ordinal0 [0x011785DC+2262492]
	GetHandleVerifier [0x01402874+1487204]
	GetHandleVerifier [0x014023CD+1486013]
	GetHandleVerifier [0x0140A368+1518680]
	GetHandleVerifier [0x01402F4E+1488958]
	Ordinal0 [0x0116ED0D+2223373]
	Ordinal0 [0x0117A12B+2269483]
	Ordinal0 [0x0117A26F+2269807]
	Ordinal0 [0x0118ECB8+2354360]
	BaseThreadInitThunk [0x77296359+25]
	RtlGetAppContainerNamedObjectPath [0x773F8944+228]
	RtlGetAppContainerNamedObjectPath [0x773F8914+180]

	at org.openqa.selenium.remote.W3CHandshakeResponse.lambda$errorHandler$0(W3CHandshakeResponse.java:62)
	at org.openqa.selenium.remote.HandshakeResponse.lambda$getResponseFunction$0(HandshakeResponse.java:30)
	at org.openqa.selenium.remote.ProtocolHandshake.lambda$createSession$0(ProtocolHandshake.java:126)
	at java.util.stream.ReferencePipeline$3$1.accept(ReferencePipeline.java:193)
	at java.util.Spliterators$ArraySpliterator.tryAdvance(Spliterators.java:958)
	at java.util.stream.ReferencePipeline.forEachWithCancel(ReferencePipeline.java:126)
	at java.util.stream.AbstractPipeline.copyIntoWithCancel(AbstractPipeline.java:498)
	at java.util.stream.AbstractPipeline.copyInto(AbstractPipeline.java:485)
	at java.util.stream.AbstractPipeline.wrapAndCopyInto(AbstractPipeline.java:471)
	at java.util.stream.FindOps$FindOp.evaluateSequential(FindOps.java:152)
	at java.util.stream.AbstractPipeline.evaluate(AbstractPipeline.java:234)
	at java.util.stream.ReferencePipeline.findFirst(ReferencePipeline.java:464)
	at org.openqa.selenium.remote.ProtocolHandshake.createSession(ProtocolHandshake.java:128)
	at org.openqa.selenium.remote.ProtocolHandshake.createSession(ProtocolHandshake.java:74)
	at org.openqa.selenium.remote.HttpCommandExecutor.execute(HttpCommandExecutor.java:136)
	at org.openqa.selenium.remote.service.DriverCommandExecutor.execute(DriverCommandExecutor.java:83)
	at org.openqa.selenium.remote.RemoteWebDriver.execute(RemoteWebDriver.java:552)
	at org.openqa.selenium.remote.RemoteWebDriver.startSession(RemoteWebDriver.java:213)
	at org.openqa.selenium.remote.RemoteWebDriver.&lt;init&gt;(RemoteWebDriver.java:131)
	at org.openqa.selenium.chrome.ChromeDriver.&lt;init&gt;(ChromeDriver.java:181)
	at org.openqa.selenium.chrome.ChromeDriver.&lt;init&gt;(ChromeDriver.java:168)
	at org.openqa.selenium.chrome.ChromeDriver.&lt;init&gt;(ChromeDriver.java:123)
	at com.illinoislottery.base.TestBase.initialization(TestBase.java:39)
	at com.illinoislottery.testcases.MainPageTest.setUp(MainPageTest.java:21)
... Removed 41 stack frames
</div> <!-- stack-trace -->
                </div> <!-- method-content -->
              </div> <!-- method -->
            </div> <!-- main-panel-content rounded-window-bottom -->
          </div> <!-- suite-Command_line_suite-class-skipped -->
          <div class="suite-Command_line_suite-class-skipped">
            <div class="main-panel-header rounded-window-top">
              <img src="skipped.png"/>
              <span class="class-name">com.illinoislottery.testcases.HomePageTest</span>
            </div> <!-- main-panel-header rounded-window-top -->
            <div class="main-panel-content rounded-window-bottom">
              <div class="method">
                <div class="method-content">
                  <a name="verifyCorrectUserIsPresented">
                  </a> <!-- verifyCorrectUserIsPresented -->
                  <span class="method-name">verifyCorrectUserIsPresented</span>
                  <div class="stack-trace">org.openqa.selenium.SessionNotCreatedException: session not created
from timeout: Timed out receiving message from renderer: 600.000
  (Session info: chrome=87.0.4280.88)
Build info: version: &apos;3.141.59&apos;, revision: &apos;e82be7d358&apos;, time: &apos;2018-11-14T08:17:03&apos;
System info: host: &apos;DESKTOP-T00D909&apos;, ip: &apos;192.168.106.1&apos;, os.name: &apos;Windows 10&apos;, os.arch: &apos;amd64&apos;, os.version: &apos;10.0&apos;, java.version: &apos;1.8.0_121&apos;
Driver info: driver.version: ChromeDriver
remote stacktrace: Backtrace:
	Ordinal0 [0x0127C0C3+3326147]
	Ordinal0 [0x01160851+2164817]
	Ordinal0 [0x00FE7298+619160]
	Ordinal0 [0x00FDB17F+569727]
	Ordinal0 [0x00FDA421+566305]
	Ordinal0 [0x00FDA815+567317]
	Ordinal0 [0x00FDA135+565557]
	Ordinal0 [0x00FE38B1+604337]
	Ordinal0 [0x00FDA0F1+565489]
	Ordinal0 [0x00FDAEA2+568994]
	Ordinal0 [0x00FDA421+566305]
	Ordinal0 [0x00FDA815+567317]
	Ordinal0 [0x00FDA135+565557]
	Ordinal0 [0x00FE1D2C+597292]
	Ordinal0 [0x00FDA0F1+565489]
	Ordinal0 [0x00FDAEA2+568994]
	Ordinal0 [0x00FDA421+566305]
	Ordinal0 [0x00FDA815+567317]
	Ordinal0 [0x00FDA135+565557]
	Ordinal0 [0x00FDFE62+589410]
	Ordinal0 [0x00FDA0F1+565489]
	Ordinal0 [0x00FDAEA2+568994]
	Ordinal0 [0x00FDA421+566305]
	Ordinal0 [0x00FDA815+567317]
	Ordinal0 [0x00FDA135+565557]
	Ordinal0 [0x00FDF075+585845]
	Ordinal0 [0x00FDA0F1+565489]
	Ordinal0 [0x00FDAEA2+568994]
	Ordinal0 [0x00FDA421+566305]
	Ordinal0 [0x00FDA815+567317]
	Ordinal0 [0x00FDA135+565557]
	Ordinal0 [0x00FD6776+550774]
	Ordinal0 [0x00FDA0F1+565489]
	Ordinal0 [0x00FD9F13+565011]
	Ordinal0 [0x00FD9D07+564487]
	Ordinal0 [0x00FE82C0+623296]
	Ordinal0 [0x00F86BDD+224221]
	Ordinal0 [0x00F85CAC+220332]
	Ordinal0 [0x00F8189B+202907]
	Ordinal0 [0x00F63DF4+81396]
	Ordinal0 [0x00F64DEE+85486]
	Ordinal0 [0x00F64D79+85369]
	Ordinal0 [0x011785DC+2262492]
	GetHandleVerifier [0x01402874+1487204]
	GetHandleVerifier [0x014023CD+1486013]
	GetHandleVerifier [0x0140A368+1518680]
	GetHandleVerifier [0x01402F4E+1488958]
	Ordinal0 [0x0116ED0D+2223373]
	Ordinal0 [0x0117A12B+2269483]
	Ordinal0 [0x0117A26F+2269807]
	Ordinal0 [0x0118ECB8+2354360]
	BaseThreadInitThunk [0x77296359+25]
	RtlGetAppContainerNamedObjectPath [0x773F8944+228]
	RtlGetAppContainerNamedObjectPath [0x773F8914+180]

	at org.openqa.selenium.remote.W3CHandshakeResponse.lambda$errorHandler$0(W3CHandshakeResponse.java:62)
	at org.openqa.selenium.remote.HandshakeResponse.lambda$getResponseFunction$0(HandshakeResponse.java:30)
	at org.openqa.selenium.remote.ProtocolHandshake.lambda$createSession$0(ProtocolHandshake.java:126)
	at java.util.stream.ReferencePipeline$3$1.accept(ReferencePipeline.java:193)
	at java.util.Spliterators$ArraySpliterator.tryAdvance(Spliterators.java:958)
	at java.util.stream.ReferencePipeline.forEachWithCancel(ReferencePipeline.java:126)
	at java.util.stream.AbstractPipeline.copyIntoWithCancel(AbstractPipeline.java:498)
	at java.util.stream.AbstractPipeline.copyInto(AbstractPipeline.java:485)
	at java.util.stream.AbstractPipeline.wrapAndCopyInto(AbstractPipeline.java:471)
	at java.util.stream.FindOps$FindOp.evaluateSequential(FindOps.java:152)
	at java.util.stream.AbstractPipeline.evaluate(AbstractPipeline.java:234)
	at java.util.stream.ReferencePipeline.findFirst(ReferencePipeline.java:464)
	at org.openqa.selenium.remote.ProtocolHandshake.createSession(ProtocolHandshake.java:128)
	at org.openqa.selenium.remote.ProtocolHandshake.createSession(ProtocolHandshake.java:74)
	at org.openqa.selenium.remote.HttpCommandExecutor.execute(HttpCommandExecutor.java:136)
	at org.openqa.selenium.remote.service.DriverCommandExecutor.execute(DriverCommandExecutor.java:83)
	at org.openqa.selenium.remote.RemoteWebDriver.execute(RemoteWebDriver.java:552)
	at org.openqa.selenium.remote.RemoteWebDriver.startSession(RemoteWebDriver.java:213)
	at org.openqa.selenium.remote.RemoteWebDriver.&lt;init&gt;(RemoteWebDriver.java:131)
	at org.openqa.selenium.chrome.ChromeDriver.&lt;init&gt;(ChromeDriver.java:181)
	at org.openqa.selenium.chrome.ChromeDriver.&lt;init&gt;(ChromeDriver.java:168)
	at org.openqa.selenium.chrome.ChromeDriver.&lt;init&gt;(ChromeDriver.java:123)
	at com.illinoislottery.base.TestBase.initialization(TestBase.java:39)
	at com.illinoislottery.testcases.HomePageTest.setUp(HomePageTest.java:24)
... Removed 41 stack frames
</div> <!-- stack-trace -->
                </div> <!-- method-content -->
              </div> <!-- method -->
              <div class="method">
                <div class="method-content">
                  <a name="verifyGamesBtnClick">
                  </a> <!-- verifyGamesBtnClick -->
                  <span class="method-name">verifyGamesBtnClick</span>
                  <div class="stack-trace">org.openqa.selenium.SessionNotCreatedException: session not created
from timeout: Timed out receiving message from renderer: 600.000
  (Session info: chrome=87.0.4280.88)
Build info: version: &apos;3.141.59&apos;, revision: &apos;e82be7d358&apos;, time: &apos;2018-11-14T08:17:03&apos;
System info: host: &apos;DESKTOP-T00D909&apos;, ip: &apos;192.168.106.1&apos;, os.name: &apos;Windows 10&apos;, os.arch: &apos;amd64&apos;, os.version: &apos;10.0&apos;, java.version: &apos;1.8.0_121&apos;
Driver info: driver.version: ChromeDriver
remote stacktrace: Backtrace:
	Ordinal0 [0x0127C0C3+3326147]
	Ordinal0 [0x01160851+2164817]
	Ordinal0 [0x00FE7298+619160]
	Ordinal0 [0x00FDB17F+569727]
	Ordinal0 [0x00FDA421+566305]
	Ordinal0 [0x00FDA815+567317]
	Ordinal0 [0x00FDA135+565557]
	Ordinal0 [0x00FE38B1+604337]
	Ordinal0 [0x00FDA0F1+565489]
	Ordinal0 [0x00FDAEA2+568994]
	Ordinal0 [0x00FDA421+566305]
	Ordinal0 [0x00FDA815+567317]
	Ordinal0 [0x00FDA135+565557]
	Ordinal0 [0x00FE1D2C+597292]
	Ordinal0 [0x00FDA0F1+565489]
	Ordinal0 [0x00FDAEA2+568994]
	Ordinal0 [0x00FDA421+566305]
	Ordinal0 [0x00FDA815+567317]
	Ordinal0 [0x00FDA135+565557]
	Ordinal0 [0x00FDFE62+589410]
	Ordinal0 [0x00FDA0F1+565489]
	Ordinal0 [0x00FDAEA2+568994]
	Ordinal0 [0x00FDA421+566305]
	Ordinal0 [0x00FDA815+567317]
	Ordinal0 [0x00FDA135+565557]
	Ordinal0 [0x00FDF075+585845]
	Ordinal0 [0x00FDA0F1+565489]
	Ordinal0 [0x00FDAEA2+568994]
	Ordinal0 [0x00FDA421+566305]
	Ordinal0 [0x00FDA815+567317]
	Ordinal0 [0x00FDA135+565557]
	Ordinal0 [0x00FD6776+550774]
	Ordinal0 [0x00FDA0F1+565489]
	Ordinal0 [0x00FD9F13+565011]
	Ordinal0 [0x00FD9D07+564487]
	Ordinal0 [0x00FE82C0+623296]
	Ordinal0 [0x00F86BDD+224221]
	Ordinal0 [0x00F85CAC+220332]
	Ordinal0 [0x00F8189B+202907]
	Ordinal0 [0x00F63DF4+81396]
	Ordinal0 [0x00F64DEE+85486]
	Ordinal0 [0x00F64D79+85369]
	Ordinal0 [0x011785DC+2262492]
	GetHandleVerifier [0x01402874+1487204]
	GetHandleVerifier [0x014023CD+1486013]
	GetHandleVerifier [0x0140A368+1518680]
	GetHandleVerifier [0x01402F4E+1488958]
	Ordinal0 [0x0116ED0D+2223373]
	Ordinal0 [0x0117A12B+2269483]
	Ordinal0 [0x0117A26F+2269807]
	Ordinal0 [0x0118ECB8+2354360]
	BaseThreadInitThunk [0x77296359+25]
	RtlGetAppContainerNamedObjectPath [0x773F8944+228]
	RtlGetAppContainerNamedObjectPath [0x773F8914+180]

	at org.openqa.selenium.remote.W3CHandshakeResponse.lambda$errorHandler$0(W3CHandshakeResponse.java:62)
	at org.openqa.selenium.remote.HandshakeResponse.lambda$getResponseFunction$0(HandshakeResponse.java:30)
	at org.openqa.selenium.remote.ProtocolHandshake.lambda$createSession$0(ProtocolHandshake.java:126)
	at java.util.stream.ReferencePipeline$3$1.accept(ReferencePipeline.java:193)
	at java.util.Spliterators$ArraySpliterator.tryAdvance(Spliterators.java:958)
	at java.util.stream.ReferencePipeline.forEachWithCancel(ReferencePipeline.java:126)
	at java.util.stream.AbstractPipeline.copyIntoWithCancel(AbstractPipeline.java:498)
	at java.util.stream.AbstractPipeline.copyInto(AbstractPipeline.java:485)
	at java.util.stream.AbstractPipeline.wrapAndCopyInto(AbstractPipeline.java:471)
	at java.util.stream.FindOps$FindOp.evaluateSequential(FindOps.java:152)
	at java.util.stream.AbstractPipeline.evaluate(AbstractPipeline.java:234)
	at java.util.stream.ReferencePipeline.findFirst(ReferencePipeline.java:464)
	at org.openqa.selenium.remote.ProtocolHandshake.createSession(ProtocolHandshake.java:128)
	at org.openqa.selenium.remote.ProtocolHandshake.createSession(ProtocolHandshake.java:74)
	at org.openqa.selenium.remote.HttpCommandExecutor.execute(HttpCommandExecutor.java:136)
	at org.openqa.selenium.remote.service.DriverCommandExecutor.execute(DriverCommandExecutor.java:83)
	at org.openqa.selenium.remote.RemoteWebDriver.execute(RemoteWebDriver.java:552)
	at org.openqa.selenium.remote.RemoteWebDriver.startSession(RemoteWebDriver.java:213)
	at org.openqa.selenium.remote.RemoteWebDriver.&lt;init&gt;(RemoteWebDriver.java:131)
	at org.openqa.selenium.chrome.ChromeDriver.&lt;init&gt;(ChromeDriver.java:181)
	at org.openqa.selenium.chrome.ChromeDriver.&lt;init&gt;(ChromeDriver.java:168)
	at org.openqa.selenium.chrome.ChromeDriver.&lt;init&gt;(ChromeDriver.java:123)
	at com.illinoislottery.base.TestBase.initialization(TestBase.java:39)
	at com.illinoislottery.testcases.HomePageTest.setUp(HomePageTest.java:24)
... Removed 41 stack frames
</div> <!-- stack-trace -->
                </div> <!-- method-content -->
              </div> <!-- method -->
              <div class="method">
                <div class="method-content">
                  <a name="verifyHomePageTitleTest">
                  </a> <!-- verifyHomePageTitleTest -->
                  <span class="method-name">verifyHomePageTitleTest</span>
                  <div class="stack-trace">org.openqa.selenium.SessionNotCreatedException: session not created
from timeout: Timed out receiving message from renderer: 600.000
  (Session info: chrome=87.0.4280.88)
Build info: version: &apos;3.141.59&apos;, revision: &apos;e82be7d358&apos;, time: &apos;2018-11-14T08:17:03&apos;
System info: host: &apos;DESKTOP-T00D909&apos;, ip: &apos;192.168.106.1&apos;, os.name: &apos;Windows 10&apos;, os.arch: &apos;amd64&apos;, os.version: &apos;10.0&apos;, java.version: &apos;1.8.0_121&apos;
Driver info: driver.version: ChromeDriver
remote stacktrace: Backtrace:
	Ordinal0 [0x0127C0C3+3326147]
	Ordinal0 [0x01160851+2164817]
	Ordinal0 [0x00FE7298+619160]
	Ordinal0 [0x00FDB17F+569727]
	Ordinal0 [0x00FDA421+566305]
	Ordinal0 [0x00FDA815+567317]
	Ordinal0 [0x00FDA135+565557]
	Ordinal0 [0x00FE38B1+604337]
	Ordinal0 [0x00FDA0F1+565489]
	Ordinal0 [0x00FDAEA2+568994]
	Ordinal0 [0x00FDA421+566305]
	Ordinal0 [0x00FDA815+567317]
	Ordinal0 [0x00FDA135+565557]
	Ordinal0 [0x00FE1D2C+597292]
	Ordinal0 [0x00FDA0F1+565489]
	Ordinal0 [0x00FDAEA2+568994]
	Ordinal0 [0x00FDA421+566305]
	Ordinal0 [0x00FDA815+567317]
	Ordinal0 [0x00FDA135+565557]
	Ordinal0 [0x00FDFE62+589410]
	Ordinal0 [0x00FDA0F1+565489]
	Ordinal0 [0x00FDAEA2+568994]
	Ordinal0 [0x00FDA421+566305]
	Ordinal0 [0x00FDA815+567317]
	Ordinal0 [0x00FDA135+565557]
	Ordinal0 [0x00FDF075+585845]
	Ordinal0 [0x00FDA0F1+565489]
	Ordinal0 [0x00FDAEA2+568994]
	Ordinal0 [0x00FDA421+566305]
	Ordinal0 [0x00FDA815+567317]
	Ordinal0 [0x00FDA135+565557]
	Ordinal0 [0x00FD6776+550774]
	Ordinal0 [0x00FDA0F1+565489]
	Ordinal0 [0x00FD9F13+565011]
	Ordinal0 [0x00FD9D07+564487]
	Ordinal0 [0x00FE82C0+623296]
	Ordinal0 [0x00F86BDD+224221]
	Ordinal0 [0x00F85CAC+220332]
	Ordinal0 [0x00F8189B+202907]
	Ordinal0 [0x00F63DF4+81396]
	Ordinal0 [0x00F64DEE+85486]
	Ordinal0 [0x00F64D79+85369]
	Ordinal0 [0x011785DC+2262492]
	GetHandleVerifier [0x01402874+1487204]
	GetHandleVerifier [0x014023CD+1486013]
	GetHandleVerifier [0x0140A368+1518680]
	GetHandleVerifier [0x01402F4E+1488958]
	Ordinal0 [0x0116ED0D+2223373]
	Ordinal0 [0x0117A12B+2269483]
	Ordinal0 [0x0117A26F+2269807]
	Ordinal0 [0x0118ECB8+2354360]
	BaseThreadInitThunk [0x77296359+25]
	RtlGetAppContainerNamedObjectPath [0x773F8944+228]
	RtlGetAppContainerNamedObjectPath [0x773F8914+180]

	at org.openqa.selenium.remote.W3CHandshakeResponse.lambda$errorHandler$0(W3CHandshakeResponse.java:62)
	at org.openqa.selenium.remote.HandshakeResponse.lambda$getResponseFunction$0(HandshakeResponse.java:30)
	at org.openqa.selenium.remote.ProtocolHandshake.lambda$createSession$0(ProtocolHandshake.java:126)
	at java.util.stream.ReferencePipeline$3$1.accept(ReferencePipeline.java:193)
	at java.util.Spliterators$ArraySpliterator.tryAdvance(Spliterators.java:958)
	at java.util.stream.ReferencePipeline.forEachWithCancel(ReferencePipeline.java:126)
	at java.util.stream.AbstractPipeline.copyIntoWithCancel(AbstractPipeline.java:498)
	at java.util.stream.AbstractPipeline.copyInto(AbstractPipeline.java:485)
	at java.util.stream.AbstractPipeline.wrapAndCopyInto(AbstractPipeline.java:471)
	at java.util.stream.FindOps$FindOp.evaluateSequential(FindOps.java:152)
	at java.util.stream.AbstractPipeline.evaluate(AbstractPipeline.java:234)
	at java.util.stream.ReferencePipeline.findFirst(ReferencePipeline.java:464)
	at org.openqa.selenium.remote.ProtocolHandshake.createSession(ProtocolHandshake.java:128)
	at org.openqa.selenium.remote.ProtocolHandshake.createSession(ProtocolHandshake.java:74)
	at org.openqa.selenium.remote.HttpCommandExecutor.execute(HttpCommandExecutor.java:136)
	at org.openqa.selenium.remote.service.DriverCommandExecutor.execute(DriverCommandExecutor.java:83)
	at org.openqa.selenium.remote.RemoteWebDriver.execute(RemoteWebDriver.java:552)
	at org.openqa.selenium.remote.RemoteWebDriver.startSession(RemoteWebDriver.java:213)
	at org.openqa.selenium.remote.RemoteWebDriver.&lt;init&gt;(RemoteWebDriver.java:131)
	at org.openqa.selenium.chrome.ChromeDriver.&lt;init&gt;(ChromeDriver.java:181)
	at org.openqa.selenium.chrome.ChromeDriver.&lt;init&gt;(ChromeDriver.java:168)
	at org.openqa.selenium.chrome.ChromeDriver.&lt;init&gt;(ChromeDriver.java:123)
	at com.illinoislottery.base.TestBase.initialization(TestBase.java:39)
	at com.illinoislottery.testcases.HomePageTest.setUp(HomePageTest.java:24)
... Removed 41 stack frames
</div> <!-- stack-trace -->
                </div> <!-- method-content -->
              </div> <!-- method -->
              <div class="method">
                <div class="method-content">
                  <a name="verifyLDLbtnClick">
                  </a> <!-- verifyLDLbtnClick -->
                  <span class="method-name">verifyLDLbtnClick</span>
                  <div class="stack-trace">org.openqa.selenium.SessionNotCreatedException: session not created
from timeout: Timed out receiving message from renderer: 600.000
  (Session info: chrome=87.0.4280.88)
Build info: version: &apos;3.141.59&apos;, revision: &apos;e82be7d358&apos;, time: &apos;2018-11-14T08:17:03&apos;
System info: host: &apos;DESKTOP-T00D909&apos;, ip: &apos;192.168.106.1&apos;, os.name: &apos;Windows 10&apos;, os.arch: &apos;amd64&apos;, os.version: &apos;10.0&apos;, java.version: &apos;1.8.0_121&apos;
Driver info: driver.version: ChromeDriver
remote stacktrace: Backtrace:
	Ordinal0 [0x0127C0C3+3326147]
	Ordinal0 [0x01160851+2164817]
	Ordinal0 [0x00FE7298+619160]
	Ordinal0 [0x00FDB17F+569727]
	Ordinal0 [0x00FDA421+566305]
	Ordinal0 [0x00FDA815+567317]
	Ordinal0 [0x00FDA135+565557]
	Ordinal0 [0x00FE38B1+604337]
	Ordinal0 [0x00FDA0F1+565489]
	Ordinal0 [0x00FDAEA2+568994]
	Ordinal0 [0x00FDA421+566305]
	Ordinal0 [0x00FDA815+567317]
	Ordinal0 [0x00FDA135+565557]
	Ordinal0 [0x00FE1D2C+597292]
	Ordinal0 [0x00FDA0F1+565489]
	Ordinal0 [0x00FDAEA2+568994]
	Ordinal0 [0x00FDA421+566305]
	Ordinal0 [0x00FDA815+567317]
	Ordinal0 [0x00FDA135+565557]
	Ordinal0 [0x00FDFE62+589410]
	Ordinal0 [0x00FDA0F1+565489]
	Ordinal0 [0x00FDAEA2+568994]
	Ordinal0 [0x00FDA421+566305]
	Ordinal0 [0x00FDA815+567317]
	Ordinal0 [0x00FDA135+565557]
	Ordinal0 [0x00FDF075+585845]
	Ordinal0 [0x00FDA0F1+565489]
	Ordinal0 [0x00FDAEA2+568994]
	Ordinal0 [0x00FDA421+566305]
	Ordinal0 [0x00FDA815+567317]
	Ordinal0 [0x00FDA135+565557]
	Ordinal0 [0x00FD6776+550774]
	Ordinal0 [0x00FDA0F1+565489]
	Ordinal0 [0x00FD9F13+565011]
	Ordinal0 [0x00FD9D07+564487]
	Ordinal0 [0x00FE82C0+623296]
	Ordinal0 [0x00F86BDD+224221]
	Ordinal0 [0x00F85CAC+220332]
	Ordinal0 [0x00F8189B+202907]
	Ordinal0 [0x00F63DF4+81396]
	Ordinal0 [0x00F64DEE+85486]
	Ordinal0 [0x00F64D79+85369]
	Ordinal0 [0x011785DC+2262492]
	GetHandleVerifier [0x01402874+1487204]
	GetHandleVerifier [0x014023CD+1486013]
	GetHandleVerifier [0x0140A368+1518680]
	GetHandleVerifier [0x01402F4E+1488958]
	Ordinal0 [0x0116ED0D+2223373]
	Ordinal0 [0x0117A12B+2269483]
	Ordinal0 [0x0117A26F+2269807]
	Ordinal0 [0x0118ECB8+2354360]
	BaseThreadInitThunk [0x77296359+25]
	RtlGetAppContainerNamedObjectPath [0x773F8944+228]
	RtlGetAppContainerNamedObjectPath [0x773F8914+180]

	at org.openqa.selenium.remote.W3CHandshakeResponse.lambda$errorHandler$0(W3CHandshakeResponse.java:62)
	at org.openqa.selenium.remote.HandshakeResponse.lambda$getResponseFunction$0(HandshakeResponse.java:30)
	at org.openqa.selenium.remote.ProtocolHandshake.lambda$createSession$0(ProtocolHandshake.java:126)
	at java.util.stream.ReferencePipeline$3$1.accept(ReferencePipeline.java:193)
	at java.util.Spliterators$ArraySpliterator.tryAdvance(Spliterators.java:958)
	at java.util.stream.ReferencePipeline.forEachWithCancel(ReferencePipeline.java:126)
	at java.util.stream.AbstractPipeline.copyIntoWithCancel(AbstractPipeline.java:498)
	at java.util.stream.AbstractPipeline.copyInto(AbstractPipeline.java:485)
	at java.util.stream.AbstractPipeline.wrapAndCopyInto(AbstractPipeline.java:471)
	at java.util.stream.FindOps$FindOp.evaluateSequential(FindOps.java:152)
	at java.util.stream.AbstractPipeline.evaluate(AbstractPipeline.java:234)
	at java.util.stream.ReferencePipeline.findFirst(ReferencePipeline.java:464)
	at org.openqa.selenium.remote.ProtocolHandshake.createSession(ProtocolHandshake.java:128)
	at org.openqa.selenium.remote.ProtocolHandshake.createSession(ProtocolHandshake.java:74)
	at org.openqa.selenium.remote.HttpCommandExecutor.execute(HttpCommandExecutor.java:136)
	at org.openqa.selenium.remote.service.DriverCommandExecutor.execute(DriverCommandExecutor.java:83)
	at org.openqa.selenium.remote.RemoteWebDriver.execute(RemoteWebDriver.java:552)
	at org.openqa.selenium.remote.RemoteWebDriver.startSession(RemoteWebDriver.java:213)
	at org.openqa.selenium.remote.RemoteWebDriver.&lt;init&gt;(RemoteWebDriver.java:131)
	at org.openqa.selenium.chrome.ChromeDriver.&lt;init&gt;(ChromeDriver.java:181)
	at org.openqa.selenium.chrome.ChromeDriver.&lt;init&gt;(ChromeDriver.java:168)
	at org.openqa.selenium.chrome.ChromeDriver.&lt;init&gt;(ChromeDriver.java:123)
	at com.illinoislottery.base.TestBase.initialization(TestBase.java:39)
	at com.illinoislottery.testcases.HomePageTest.setUp(HomePageTest.java:24)
... Removed 41 stack frames
</div> <!-- stack-trace -->
                </div> <!-- method-content -->
              </div> <!-- method -->
              <div class="method">
                <div class="method-content">
                  <a name="veryfyPromotionsLinkClick">
                  </a> <!-- veryfyPromotionsLinkClick -->
                  <span class="method-name">veryfyPromotionsLinkClick</span>
                  <div class="stack-trace">org.openqa.selenium.SessionNotCreatedException: session not created
from timeout: Timed out receiving message from renderer: 600.000
  (Session info: chrome=87.0.4280.88)
Build info: version: &apos;3.141.59&apos;, revision: &apos;e82be7d358&apos;, time: &apos;2018-11-14T08:17:03&apos;
System info: host: &apos;DESKTOP-T00D909&apos;, ip: &apos;192.168.106.1&apos;, os.name: &apos;Windows 10&apos;, os.arch: &apos;amd64&apos;, os.version: &apos;10.0&apos;, java.version: &apos;1.8.0_121&apos;
Driver info: driver.version: ChromeDriver
remote stacktrace: Backtrace:
	Ordinal0 [0x0127C0C3+3326147]
	Ordinal0 [0x01160851+2164817]
	Ordinal0 [0x00FE7298+619160]
	Ordinal0 [0x00FDB17F+569727]
	Ordinal0 [0x00FDA421+566305]
	Ordinal0 [0x00FDA815+567317]
	Ordinal0 [0x00FDA135+565557]
	Ordinal0 [0x00FE38B1+604337]
	Ordinal0 [0x00FDA0F1+565489]
	Ordinal0 [0x00FDAEA2+568994]
	Ordinal0 [0x00FDA421+566305]
	Ordinal0 [0x00FDA815+567317]
	Ordinal0 [0x00FDA135+565557]
	Ordinal0 [0x00FE1D2C+597292]
	Ordinal0 [0x00FDA0F1+565489]
	Ordinal0 [0x00FDAEA2+568994]
	Ordinal0 [0x00FDA421+566305]
	Ordinal0 [0x00FDA815+567317]
	Ordinal0 [0x00FDA135+565557]
	Ordinal0 [0x00FDFE62+589410]
	Ordinal0 [0x00FDA0F1+565489]
	Ordinal0 [0x00FDAEA2+568994]
	Ordinal0 [0x00FDA421+566305]
	Ordinal0 [0x00FDA815+567317]
	Ordinal0 [0x00FDA135+565557]
	Ordinal0 [0x00FDF075+585845]
	Ordinal0 [0x00FDA0F1+565489]
	Ordinal0 [0x00FDAEA2+568994]
	Ordinal0 [0x00FDA421+566305]
	Ordinal0 [0x00FDA815+567317]
	Ordinal0 [0x00FDA135+565557]
	Ordinal0 [0x00FD6776+550774]
	Ordinal0 [0x00FDA0F1+565489]
	Ordinal0 [0x00FD9F13+565011]
	Ordinal0 [0x00FD9D07+564487]
	Ordinal0 [0x00FE82C0+623296]
	Ordinal0 [0x00F86BDD+224221]
	Ordinal0 [0x00F85CAC+220332]
	Ordinal0 [0x00F8189B+202907]
	Ordinal0 [0x00F63DF4+81396]
	Ordinal0 [0x00F64DEE+85486]
	Ordinal0 [0x00F64D79+85369]
	Ordinal0 [0x011785DC+2262492]
	GetHandleVerifier [0x01402874+1487204]
	GetHandleVerifier [0x014023CD+1486013]
	GetHandleVerifier [0x0140A368+1518680]
	GetHandleVerifier [0x01402F4E+1488958]
	Ordinal0 [0x0116ED0D+2223373]
	Ordinal0 [0x0117A12B+2269483]
	Ordinal0 [0x0117A26F+2269807]
	Ordinal0 [0x0118ECB8+2354360]
	BaseThreadInitThunk [0x77296359+25]
	RtlGetAppContainerNamedObjectPath [0x773F8944+228]
	RtlGetAppContainerNamedObjectPath [0x773F8914+180]

	at org.openqa.selenium.remote.W3CHandshakeResponse.lambda$errorHandler$0(W3CHandshakeResponse.java:62)
	at org.openqa.selenium.remote.HandshakeResponse.lambda$getResponseFunction$0(HandshakeResponse.java:30)
	at org.openqa.selenium.remote.ProtocolHandshake.lambda$createSession$0(ProtocolHandshake.java:126)
	at java.util.stream.ReferencePipeline$3$1.accept(ReferencePipeline.java:193)
	at java.util.Spliterators$ArraySpliterator.tryAdvance(Spliterators.java:958)
	at java.util.stream.ReferencePipeline.forEachWithCancel(ReferencePipeline.java:126)
	at java.util.stream.AbstractPipeline.copyIntoWithCancel(AbstractPipeline.java:498)
	at java.util.stream.AbstractPipeline.copyInto(AbstractPipeline.java:485)
	at java.util.stream.AbstractPipeline.wrapAndCopyInto(AbstractPipeline.java:471)
	at java.util.stream.FindOps$FindOp.evaluateSequential(FindOps.java:152)
	at java.util.stream.AbstractPipeline.evaluate(AbstractPipeline.java:234)
	at java.util.stream.ReferencePipeline.findFirst(ReferencePipeline.java:464)
	at org.openqa.selenium.remote.ProtocolHandshake.createSession(ProtocolHandshake.java:128)
	at org.openqa.selenium.remote.ProtocolHandshake.createSession(ProtocolHandshake.java:74)
	at org.openqa.selenium.remote.HttpCommandExecutor.execute(HttpCommandExecutor.java:136)
	at org.openqa.selenium.remote.service.DriverCommandExecutor.execute(DriverCommandExecutor.java:83)
	at org.openqa.selenium.remote.RemoteWebDriver.execute(RemoteWebDriver.java:552)
	at org.openqa.selenium.remote.RemoteWebDriver.startSession(RemoteWebDriver.java:213)
	at org.openqa.selenium.remote.RemoteWebDriver.&lt;init&gt;(RemoteWebDriver.java:131)
	at org.openqa.selenium.chrome.ChromeDriver.&lt;init&gt;(ChromeDriver.java:181)
	at org.openqa.selenium.chrome.ChromeDriver.&lt;init&gt;(ChromeDriver.java:168)
	at org.openqa.selenium.chrome.ChromeDriver.&lt;init&gt;(ChromeDriver.java:123)
	at com.illinoislottery.base.TestBase.initialization(TestBase.java:39)
	at com.illinoislottery.testcases.HomePageTest.setUp(HomePageTest.java:24)
... Removed 41 stack frames
</div> <!-- stack-trace -->
                </div> <!-- method-content -->
              </div> <!-- method -->
            </div> <!-- main-panel-content rounded-window-bottom -->
          </div> <!-- suite-Command_line_suite-class-skipped -->
          <div class="suite-Command_line_suite-class-passed">
            <div class="main-panel-header rounded-window-top">
              <img src="passed.png"/>
              <span class="class-name">com.illinoislottery.testcases.MainPageTest</span>
            </div> <!-- main-panel-header rounded-window-top -->
            <div class="main-panel-content rounded-window-bottom">
              <div class="method">
                <div class="method-content">
                  <a name="mainPageLogoTest">
                  </a> <!-- mainPageLogoTest -->
                  <span class="method-name">mainPageLogoTest</span>
                </div> <!-- method-content -->
              </div> <!-- method -->
            </div> <!-- main-panel-content rounded-window-bottom -->
          </div> <!-- suite-Command_line_suite-class-passed -->
        </div> <!-- panel Command_line_suite -->
        <div panel-name="test-xml-Command_line_suite" class="panel">
          <div class="main-panel-header rounded-window-top">
          </div> <!-- main-panel-header rounded-window-top -->
          <div class="main-panel-content rounded-window-bottom">
            <pre>
&lt;?xml version=&quot;1.0&quot; encoding=&quot;UTF-8&quot;?&gt;
&lt;!DOCTYPE suite SYSTEM &quot;http://testng.org/testng-1.0.dtd&quot;&gt;
&lt;suite verbose=&quot;0&quot; name=&quot;Command line suite&quot;&gt;
  &lt;test name=&quot;Command line test&quot;&gt;
    &lt;classes&gt;
      &lt;class name=&quot;com.illinoislottery.testcases.HomePageTest&quot;/&gt;
      &lt;class name=&quot;com.illinoislottery.testcases.LogInPageTest&quot;/&gt;
      &lt;class name=&quot;com.illinoislottery.testcases.MainPageTest&quot;/&gt;
    &lt;/classes&gt;
  &lt;/test&gt; &lt;!-- Command line test --&gt;
&lt;/suite&gt; &lt;!-- Command line suite --&gt;
            </pre>
          </div> <!-- main-panel-content rounded-window-bottom -->
        </div> <!-- panel -->
        <div panel-name="testlist-Command_line_suite" class="panel">
          <div class="main-panel-header rounded-window-top">
            <span class="header-content">Tests for Command line suite</span>
          </div> <!-- main-panel-header rounded-window-top -->
          <div class="main-panel-content rounded-window-bottom">
            <ul>
              <li>
                <span class="test-name">Command line test (3 classes)</span>
              </li>
            </ul>
          </div> <!-- main-panel-content rounded-window-bottom -->
        </div> <!-- panel -->
        <div panel-name="group-Command_line_suite" class="panel">
          <div class="main-panel-header rounded-window-top">
            <span class="header-content">Groups for Command line suite</span>
          </div> <!-- main-panel-header rounded-window-top -->
          <div class="main-panel-content rounded-window-bottom">
          </div> <!-- main-panel-content rounded-window-bottom -->
        </div> <!-- panel -->
        <div panel-name="times-Command_line_suite" class="panel">
          <div class="main-panel-header rounded-window-top">
            <span class="header-content">Times for Command line suite</span>
          </div> <!-- main-panel-header rounded-window-top -->
          <div class="main-panel-content rounded-window-bottom">
            <div class="times-div">
              <script type="text/javascript">
suiteTableInitFunctions.push('tableData_Command_line_suite');
function tableData_Command_line_suite() {
var data = new google.visualization.DataTable();
data.addColumn('number', 'Number');
data.addColumn('string', 'Method');
data.addColumn('string', 'Class');
data.addColumn('number', 'Time (ms)');
data.addRows(9);
data.setCell(0, 0, 0)
data.setCell(0, 1, 'LogInTest')
data.setCell(0, 2, 'com.illinoislottery.testcases.LogInPageTest')
data.setCell(0, 3, 2475);
data.setCell(1, 0, 1)
data.setCell(1, 1, 'mainPageLogoTest')
data.setCell(1, 2, 'com.illinoislottery.testcases.MainPageTest')
data.setCell(1, 3, 119);
data.setCell(2, 0, 2)
data.setCell(2, 1, 'verifyCorrectUserIsPresented')
data.setCell(2, 2, 'com.illinoislottery.testcases.HomePageTest')
data.setCell(2, 3, 1);
data.setCell(3, 0, 3)
data.setCell(3, 1, 'mainPageTitleTest')
data.setCell(3, 2, 'com.illinoislottery.testcases.MainPageTest')
data.setCell(3, 3, 0);
data.setCell(4, 0, 4)
data.setCell(4, 1, 'verifyHomePageTitleTest')
data.setCell(4, 2, 'com.illinoislottery.testcases.HomePageTest')
data.setCell(4, 3, 0);
data.setCell(5, 0, 5)
data.setCell(5, 1, 'veryfyPromotionsLinkClick')
data.setCell(5, 2, 'com.illinoislottery.testcases.HomePageTest')
data.setCell(5, 3, 0);
data.setCell(6, 0, 6)
data.setCell(6, 1, 'verifyGamesBtnClick')
data.setCell(6, 2, 'com.illinoislottery.testcases.HomePageTest')
data.setCell(6, 3, 0);
data.setCell(7, 0, 7)
data.setCell(7, 1, 'verifyLDLbtnClick')
data.setCell(7, 2, 'com.illinoislottery.testcases.HomePageTest')
data.setCell(7, 3, 0);
data.setCell(8, 0, 8)
data.setCell(8, 1, 'verifyLoginLink')
data.setCell(8, 2, 'com.illinoislottery.testcases.MainPageTest')
data.setCell(8, 3, 0);
window.suiteTableData['Command_line_suite']= { tableData: data, tableDiv: 'times-div-Command_line_suite'}
return data;
}
              </script>
              <span class="suite-total-time">Total running time: 2 seconds</span>
              <div id="times-div-Command_line_suite">
              </div> <!-- times-div-Command_line_suite -->
            </div> <!-- times-div -->
          </div> <!-- main-panel-content rounded-window-bottom -->
        </div> <!-- panel -->
        <div panel-name="reporter-Command_line_suite" class="panel">
          <div class="main-panel-header rounded-window-top">
            <span class="header-content">Reporter output for Command line suite</span>
          </div> <!-- main-panel-header rounded-window-top -->
          <div class="main-panel-content rounded-window-bottom">
          </div> <!-- main-panel-content rounded-window-bottom -->
        </div> <!-- panel -->
        <div panel-name="ignored-methods-Command_line_suite" class="panel">
          <div class="main-panel-header rounded-window-top">
            <span class="header-content">0 ignored methods</span>
          </div> <!-- main-panel-header rounded-window-top -->
          <div class="main-panel-content rounded-window-bottom">
          </div> <!-- main-panel-content rounded-window-bottom -->
        </div> <!-- panel -->
        <div panel-name="chronological-Command_line_suite" class="panel">
          <div class="main-panel-header rounded-window-top">
            <span class="header-content">Methods in chronological order</span>
          </div> <!-- main-panel-header rounded-window-top -->
          <div class="main-panel-content rounded-window-bottom">
            <div class="chronological-class">
              <div class="chronological-class-name">com.illinoislottery.testcases.HomePageTest</div> <!-- chronological-class-name -->
              <div class="configuration-method before">
                <img src="failed.png">
                </img>
                <span class="method-name">setUp</span>
                <span class="method-start">0 ms</span>
              </div> <!-- configuration-method before -->
            </div> <!-- chronological-class -->
            <div class="chronological-class">
              <div class="chronological-class-name">com.illinoislottery.testcases.LogInPageTest</div> <!-- chronological-class-name -->
              <div class="configuration-method before">
                <span class="method-name">setUp</span>
                <span class="method-start">604861 ms</span>
              </div> <!-- configuration-method before -->
              <div class="test-method">
                <img src="failed.png">
                </img>
                <span class="method-name">LogInTest</span>
                <span class="method-start">614866 ms</span>
              </div> <!-- test-method -->
              <div class="configuration-method after">
                <span class="method-name">tearDown</span>
                <span class="method-start">617343 ms</span>
              </div> <!-- configuration-method after -->
            </div> <!-- chronological-class -->
            <div class="chronological-class">
              <div class="chronological-class-name">com.illinoislottery.testcases.MainPageTest</div> <!-- chronological-class-name -->
              <div class="configuration-method before">
                <span class="method-name">setUp</span>
                <span class="method-start">618083 ms</span>
              </div> <!-- configuration-method before -->
              <div class="test-method">
                <span class="method-name">mainPageLogoTest</span>
                <span class="method-start">627111 ms</span>
              </div> <!-- test-method -->
              <div class="configuration-method after">
                <span class="method-name">tarDown</span>
                <span class="method-start">627230 ms</span>
              </div> <!-- configuration-method after -->
              <div class="configuration-method before">
                <img src="failed.png">
                </img>
                <span class="method-name">setUp</span>
                <span class="method-start">628066 ms</span>
              </div> <!-- configuration-method before -->
          </div> <!-- main-panel-content rounded-window-bottom -->
        </div> <!-- panel -->
      </div> <!-- main-panel-root -->
    </div> <!-- wrapper -->
  </body>
</html>
