<?xml version="1.0" encoding="UTF-8"?>
<!-- Generated by org.testng.reporters.JUnitReportReporter -->
<testsuite skipped="2" hostname="DESKTOP-T00D909" name="com.illinoislottery.testcases.MainPageTest" tests="4" failures="0" timestamp="14 Dec 2020 04:08:56 GMT" time="614.073" errors="1">
  <testcase name="mainPageTitleTest" time="9.864" classname="com.illinoislottery.testcases.MainPageTest">
    <skipped/>
  </testcase> <!-- mainPageTitleTest -->
  <testcase name="setUp" time="604.090" classname="com.illinoislottery.testcases.MainPageTest">
    <error type="org.openqa.selenium.SessionNotCreatedException" message="session not created
from timeout: Timed out receiving message from renderer: 600.000
  (Session info: chrome=87.0.4280.88)
Build info: version: &#039;3.141.59&#039;, revision: &#039;e82be7d358&#039;, time: &#039;2018-11-14T08:17:03&#039;
System info: host: &#039;DESKTOP-T00D909&#039;, ip: &#039;192.168.106.1&#039;, os.name: &#039;Windows 10&#039;, os.arch: &#039;amd64&#039;, os.version: &#039;10.0&#039;, java.version: &#039;1.8.0_121&#039;
Driver info: driver.version: ChromeDriver
remote stacktrace: Backtrace:
	Ordinal0 [0x0127C0C3+3326147]
	Ordinal0 [0x01160851+2164817]
	Ordinal0 [0x00FE7298+619160]
	Ordinal0 [0x00FDB17F+569727]
	Ordinal0 [0x00FDA421+566305]
	Ordinal0 [0x00FDA815+567317]
	Ordinal0 [0x00FDA135+565557]
	Ordinal0 [0x00FE38B1+604337]
	Ordinal0 [0x00FDA0F1+565489]
	Ordinal0 [0x00FDAEA2+568994]
	Ordinal0 [0x00FDA421+566305]
	Ordinal0 [0x00FDA815+567317]
	Ordinal0 [0x00FDA135+565557]
	Ordinal0 [0x00FE1D2C+597292]
	Ordinal0 [0x00FDA0F1+565489]
	Ordinal0 [0x00FDAEA2+568994]
	Ordinal0 [0x00FDA421+566305]
	Ordinal0 [0x00FDA815+567317]
	Ordinal0 [0x00FDA135+565557]
	Ordinal0 [0x00FDFE62+589410]
	Ordinal0 [0x00FDA0F1+565489]
	Ordinal0 [0x00FDAEA2+568994]
	Ordinal0 [0x00FDA421+566305]
	Ordinal0 [0x00FDA815+567317]
	Ordinal0 [0x00FDA135+565557]
	Ordinal0 [0x00FDF075+585845]
	Ordinal0 [0x00FDA0F1+565489]
	Ordinal0 [0x00FDAEA2+568994]
	Ordinal0 [0x00FDA421+566305]
	Ordinal0 [0x00FDA815+567317]
	Ordinal0 [0x00FDA135+565557]
	Ordinal0 [0x00FD6776+550774]
	Ordinal0 [0x00FDA0F1+565489]
	Ordinal0 [0x00FD9F13+565011]
	Ordinal0 [0x00FD9D07+564487]
	Ordinal0 [0x00FE82C0+623296]
	Ordinal0 [0x00F86BDD+224221]
	Ordinal0 [0x00F85CAC+220332]
	Ordinal0 [0x00F8189B+202907]
	Ordinal0 [0x00F63DF4+81396]
	Ordinal0 [0x00F64DEE+85486]
	Ordinal0 [0x00F64D79+85369]
	Ordinal0 [0x011785DC+2262492]
	GetHandleVerifier [0x01402874+1487204]
	GetHandleVerifier [0x014023CD+1486013]
	GetHandleVerifier [0x0140A368+1518680]
	GetHandleVerifier [0x01402F4E+1488958]
	Ordinal0 [0x0116ED0D+2223373]
	Ordinal0 [0x0117A12B+2269483]
	Ordinal0 [0x0117A26F+2269807]
	Ordinal0 [0x0118ECB8+2354360]
	BaseThreadInitThunk [0x77296359+25]
	RtlGetAppContainerNamedObjectPath [0x773F8944+228]
	RtlGetAppContainerNamedObjectPath [0x773F8914+180]
">
      <![CDATA[org.openqa.selenium.SessionNotCreatedException: session not created
from timeout: Timed out receiving message from renderer: 600.000
  (Session info: chrome=87.0.4280.88)
Build info: version: '3.141.59', revision: 'e82be7d358', time: '2018-11-14T08:17:03'
System info: host: 'DESKTOP-T00D909', ip: '192.168.106.1', os.name: 'Windows 10', os.arch: 'amd64', os.version: '10.0', java.version: '1.8.0_121'
Driver info: driver.version: ChromeDriver
remote stacktrace: Backtrace:
	Ordinal0 [0x0127C0C3+3326147]
	Ordinal0 [0x01160851+2164817]
	Ordinal0 [0x00FE7298+619160]
	Ordinal0 [0x00FDB17F+569727]
	Ordinal0 [0x00FDA421+566305]
	Ordinal0 [0x00FDA815+567317]
	Ordinal0 [0x00FDA135+565557]
	Ordinal0 [0x00FE38B1+604337]
	Ordinal0 [0x00FDA0F1+565489]
	Ordinal0 [0x00FDAEA2+568994]
	Ordinal0 [0x00FDA421+566305]
	Ordinal0 [0x00FDA815+567317]
	Ordinal0 [0x00FDA135+565557]
	Ordinal0 [0x00FE1D2C+597292]
	Ordinal0 [0x00FDA0F1+565489]
	Ordinal0 [0x00FDAEA2+568994]
	Ordinal0 [0x00FDA421+566305]
	Ordinal0 [0x00FDA815+567317]
	Ordinal0 [0x00FDA135+565557]
	Ordinal0 [0x00FDFE62+589410]
	Ordinal0 [0x00FDA0F1+565489]
	Ordinal0 [0x00FDAEA2+568994]
	Ordinal0 [0x00FDA421+566305]
	Ordinal0 [0x00FDA815+567317]
	Ordinal0 [0x00FDA135+565557]
	Ordinal0 [0x00FDF075+585845]
	Ordinal0 [0x00FDA0F1+565489]
	Ordinal0 [0x00FDAEA2+568994]
	Ordinal0 [0x00FDA421+566305]
	Ordinal0 [0x00FDA815+567317]
	Ordinal0 [0x00FDA135+565557]
	Ordinal0 [0x00FD6776+550774]
	Ordinal0 [0x00FDA0F1+565489]
	Ordinal0 [0x00FD9F13+565011]
	Ordinal0 [0x00FD9D07+564487]
	Ordinal0 [0x00FE82C0+623296]
	Ordinal0 [0x00F86BDD+224221]
	Ordinal0 [0x00F85CAC+220332]
	Ordinal0 [0x00F8189B+202907]
	Ordinal0 [0x00F63DF4+81396]
	Ordinal0 [0x00F64DEE+85486]
	Ordinal0 [0x00F64D79+85369]
	Ordinal0 [0x011785DC+2262492]
	GetHandleVerifier [0x01402874+1487204]
	GetHandleVerifier [0x014023CD+1486013]
	GetHandleVerifier [0x0140A368+1518680]
	GetHandleVerifier [0x01402F4E+1488958]
	Ordinal0 [0x0116ED0D+2223373]
	Ordinal0 [0x0117A12B+2269483]
	Ordinal0 [0x0117A26F+2269807]
	Ordinal0 [0x0118ECB8+2354360]
	BaseThreadInitThunk [0x77296359+25]
	RtlGetAppContainerNamedObjectPath [0x773F8944+228]
	RtlGetAppContainerNamedObjectPath [0x773F8914+180]

	at sun.reflect.NativeConstructorAccessorImpl.newInstance0(Native Method)
	at sun.reflect.NativeConstructorAccessorImpl.newInstance(NativeConstructorAccessorImpl.java:62)
	at sun.reflect.DelegatingConstructorAccessorImpl.newInstance(DelegatingConstructorAccessorImpl.java:45)
	at java.lang.reflect.Constructor.newInstance(Constructor.java:423)
	at org.openqa.selenium.remote.W3CHandshakeResponse.lambda$errorHandler$0(W3CHandshakeResponse.java:62)
	at org.openqa.selenium.remote.HandshakeResponse.lambda$getResponseFunction$0(HandshakeResponse.java:30)
	at org.openqa.selenium.remote.ProtocolHandshake.lambda$createSession$0(ProtocolHandshake.java:126)
	at java.util.stream.ReferencePipeline$3$1.accept(ReferencePipeline.java:193)
	at java.util.Spliterators$ArraySpliterator.tryAdvance(Spliterators.java:958)
	at java.util.stream.ReferencePipeline.forEachWithCancel(ReferencePipeline.java:126)
	at java.util.stream.AbstractPipeline.copyIntoWithCancel(AbstractPipeline.java:498)
	at java.util.stream.AbstractPipeline.copyInto(AbstractPipeline.java:485)
	at java.util.stream.AbstractPipeline.wrapAndCopyInto(AbstractPipeline.java:471)
	at java.util.stream.FindOps$FindOp.evaluateSequential(FindOps.java:152)
	at java.util.stream.AbstractPipeline.evaluate(AbstractPipeline.java:234)
	at java.util.stream.ReferencePipeline.findFirst(ReferencePipeline.java:464)
	at org.openqa.selenium.remote.ProtocolHandshake.createSession(ProtocolHandshake.java:128)
	at org.openqa.selenium.remote.ProtocolHandshake.createSession(ProtocolHandshake.java:74)
	at org.openqa.selenium.remote.HttpCommandExecutor.execute(HttpCommandExecutor.java:136)
	at org.openqa.selenium.remote.service.DriverCommandExecutor.execute(DriverCommandExecutor.java:83)
	at org.openqa.selenium.remote.RemoteWebDriver.execute(RemoteWebDriver.java:552)
	at org.openqa.selenium.remote.RemoteWebDriver.startSession(RemoteWebDriver.java:213)
	at org.openqa.selenium.remote.RemoteWebDriver.<init>(RemoteWebDriver.java:131)
	at org.openqa.selenium.chrome.ChromeDriver.<init>(ChromeDriver.java:181)
	at org.openqa.selenium.chrome.ChromeDriver.<init>(ChromeDriver.java:168)
	at org.openqa.selenium.chrome.ChromeDriver.<init>(ChromeDriver.java:123)
	at com.illinoislottery.base.TestBase.initialization(TestBase.java:39)
	at com.illinoislottery.testcases.MainPageTest.setUp(MainPageTest.java:21)
	at sun.reflect.NativeMethodAccessorImpl.invoke0(Native Method)
	at sun.reflect.NativeMethodAccessorImpl.invoke(NativeMethodAccessorImpl.java:62)
	at sun.reflect.DelegatingMethodAccessorImpl.invoke(DelegatingMethodAccessorImpl.java:43)
	at java.lang.reflect.Method.invoke(Method.java:498)
	at org.testng.internal.MethodInvocationHelper.invokeMethod(MethodInvocationHelper.java:108)
	at org.testng.internal.Invoker.invokeConfigurationMethod(Invoker.java:523)
	at org.testng.internal.Invoker.invokeConfigurations(Invoker.java:224)
	at org.testng.internal.Invoker.invokeMethod(Invoker.java:599)
	at org.testng.internal.Invoker.invokeTestMethod(Invoker.java:869)
	at org.testng.internal.Invoker.invokeTestMethods(Invoker.java:1193)
	at org.testng.internal.TestMethodWorker.invokeTestMethods(TestMethodWorker.java:126)
	at org.testng.internal.TestMethodWorker.run(TestMethodWorker.java:109)
	at org.testng.TestRunner.privateRun(TestRunner.java:744)
	at org.testng.TestRunner.run(TestRunner.java:602)
	at org.testng.SuiteRunner.runTest(SuiteRunner.java:380)
	at org.testng.SuiteRunner.runSequentially(SuiteRunner.java:375)
	at org.testng.SuiteRunner.privateRun(SuiteRunner.java:340)
	at org.testng.SuiteRunner.run(SuiteRunner.java:289)
	at org.testng.SuiteRunnerWorker.runSuite(SuiteRunnerWorker.java:52)
	at org.testng.SuiteRunnerWorker.run(SuiteRunnerWorker.java:86)
	at org.testng.TestNG.runSuitesSequentially(TestNG.java:1301)
	at org.testng.TestNG.runSuitesLocally(TestNG.java:1226)
	at org.testng.TestNG.runSuites(TestNG.java:1144)
	at org.testng.TestNG.run(TestNG.java:1115)
	at org.apache.maven.surefire.testng.TestNGExecutor.run(TestNGExecutor.java:77)
	at org.apache.maven.surefire.testng.TestNGDirectoryTestSuite.executeMulti(TestNGDirectoryTestSuite.java:159)
	at org.apache.maven.surefire.testng.TestNGDirectoryTestSuite.execute(TestNGDirectoryTestSuite.java:99)
	at org.apache.maven.surefire.testng.TestNGProvider.invoke(TestNGProvider.java:106)
	at sun.reflect.NativeMethodAccessorImpl.invoke0(Native Method)
	at sun.reflect.NativeMethodAccessorImpl.invoke(NativeMethodAccessorImpl.java:62)
	at sun.reflect.DelegatingMethodAccessorImpl.invoke(DelegatingMethodAccessorImpl.java:43)
	at java.lang.reflect.Method.invoke(Method.java:498)
	at org.apache.maven.surefire.util.ReflectionUtils.invokeMethodWithArray(ReflectionUtils.java:189)
	at org.apache.maven.surefire.booter.ProviderFactory$ProviderProxy.invoke(ProviderFactory.java:165)
	at org.apache.maven.surefire.booter.ProviderFactory.invokeProvider(ProviderFactory.java:85)
	at org.apache.maven.surefire.booter.ForkedBooter.runSuitesInProcess(ForkedBooter.java:115)
	at org.apache.maven.surefire.booter.ForkedBooter.main(ForkedBooter.java:75)
]]>
    </error>
  </testcase> <!-- setUp -->
  <testcase name="mainPageLogoTest" time="0.119" classname="com.illinoislottery.testcases.MainPageTest"/>
  <testcase name="verifyLoginLink" time="0.000" classname="com.illinoislottery.testcases.MainPageTest">
    <skipped/>
  </testcase> <!-- verifyLoginLink -->
</testsuite> <!-- com.illinoislottery.testcases.MainPageTest -->
